acom -reorder -O3 -e 100 -work mips_projeto -2008  $dsn/src/imem.vhd $dsn/src/mux2.vhd $dsn/src/signext.vhd $dsn/src/sl2.vhd $dsn/src/regfile.vhd $dsn/src/maindec.vhd $dsn/src/dmem.vhd $dsn/src/flopr.vhd $dsn/src/alu.vhd $dsn/src/aludec.vhd $dsn/src/adder.vhd $dsn/src/datapath.vhd $dsn/src/controller.vhd $dsn/src/mips.vhd $dsn/src/top.vhd $dsn/src/testbench.vhd
# Warning: DAGGEN_0523: The source is compiled without the -dbg switch. Line breakpoints and assertion debug will not be available.
# File: C:\My_Designs\MIPS_projeto_2\MIPS_projeto\src\imem.vhd
# Compile Entity "imem"
# Compile Architecture "behave" of Entity "imem"
# File: C:\My_Designs\MIPS_projeto_2\MIPS_projeto\src\mux2.vhd
# Compile Entity "mux2"
# Compile Architecture "behave" of Entity "mux2"
# File: C:\My_Designs\MIPS_projeto_2\MIPS_projeto\src\signext.vhd
# Compile Entity "signext"
# Compile Architecture "behave" of Entity "signext"
# File: C:\My_Designs\MIPS_projeto_2\MIPS_projeto\src\sl2.vhd
# Compile Entity "sl2"
# Compile Architecture "behave" of Entity "sl2"
# File: C:\My_Designs\MIPS_projeto_2\MIPS_projeto\src\regfile.vhd
# Compile Entity "regfile"
# Compile Architecture "behave" of Entity "regfile"
# File: C:\My_Designs\MIPS_projeto_2\MIPS_projeto\src\maindec.vhd
# Compile Entity "maindec"
# Compile Architecture "behave" of Entity "maindec"
# File: C:\My_Designs\MIPS_projeto_2\MIPS_projeto\src\dmem.vhd
# Compile Entity "dmem"
# Compile Architecture "behave" of Entity "dmem"
# File: C:\My_Designs\MIPS_projeto_2\MIPS_projeto\src\flopr.vhd
# Compile Entity "flopr"
# Compile Architecture "asynchronous" of Entity "flopr"
# File: C:\My_Designs\MIPS_projeto_2\MIPS_projeto\src\alu.vhd
# Compile Entity "alu"
# Compile Architecture "behave" of Entity "alu"
# File: C:\My_Designs\MIPS_projeto_2\MIPS_projeto\src\aludec.vhd
# Compile Entity "aludec"
# Compile Architecture "behave" of Entity "aludec"
# File: C:\My_Designs\MIPS_projeto_2\MIPS_projeto\src\adder.vhd
# Compile Entity "adder"
# Compile Architecture "behave" of Entity "adder"
# File: C:\My_Designs\MIPS_projeto_2\MIPS_projeto\src\datapath.vhd
# Compile Entity "datapath"
# Compile Architecture "struct" of Entity "datapath"
# File: C:\My_Designs\MIPS_projeto_2\MIPS_projeto\src\controller.vhd
# Compile Entity "controller"
# Compile Architecture "struct" of Entity "controller"
# File: C:\My_Designs\MIPS_projeto_2\MIPS_projeto\src\mips.vhd
# Compile Entity "mips"
# Compile Architecture "struct" of Entity "mips"
# File: C:\My_Designs\MIPS_projeto_2\MIPS_projeto\src\top.vhd
# Compile Entity "top"
# Compile Architecture "test" of Entity "top"
# File: C:\My_Designs\MIPS_projeto_2\MIPS_projeto\src\testbench.vhd
# Compile Entity "testbench"
# Compile Architecture "test" of Entity "testbench"
# Top-level unit(s) detected:
# Entity => testbench
# Compile success 0 Errors 0 Warnings  Analysis time :  0.3 [s]
endsim
# VSIM: Simulation has finished.
asim -O5 testbench test
# ELBREAD: Elaboration process.
# ELBREAD: Elaboration time 0.0 [s].
# VSIM: Stack memory: 32MB
# VSIM: Retval memory: 32MB
# 
# KERNEL: Main thread initiated.
# KERNEL: Kernel process initialization phase.
# KERNEL: Time resolution set to 1ps.
# ELAB2: Elaboration final pass...
# ELAB2: Create instances ...
# ELAB2: Create instances complete.
# SLP: Started
# SLP: Elaboration phase ...
# SLP: Elaboration phase ... skipped, nothing to simulate in SLP mode : 0.0 [s]
# SLP: Finished : 0.0 [s]
# ELAB2: Elaboration final pass complete - time: 0.0 [s].
# KERNEL: Warning: You are using the Active-HDL Student Edition. The performance of simulation is running at a reduced rate.
# KERNEL: Warning: Contact Aldec for available upgrade options - sales@aldec.com.
# KERNEL: Kernel process initialization done.
# Allocation: Simulator allocated 7249 kB (elbread=1280 elab2=5828 kernel=140 sdf=0)
# KERNEL: ASDB file was created in location C:\My_Designs\MIPS_projeto_2\MIPS_projeto\src\wave.asdb
#  22:59, domingo, 4 de novembro de 2018
#  Simulation has been initialized
# Waveform file 'C:/My_Designs/MIPS_projeto_2/MIPS_projeto/src/TesteInclusoes.awc' connected to 'C:/My_Designs/MIPS_projeto_2/MIPS_projeto/src/wave.asdb'.
run @100ns
# KERNEL: WARNING: NUMERIC_STD.TO_INTEGER: metavalue detected, returning 0
# KERNEL: Time: 0 ps,  Iteration: 0,  Instance: /testbench/dut/mips1/dp/rf,  Process: line__29.
# KERNEL: WARNING: NUMERIC_STD.TO_INTEGER: metavalue detected, returning 0
# KERNEL: Time: 0 ps,  Iteration: 0,  Instance: /testbench/dut/mips1/dp/rf,  Process: line__29.
# KERNEL: WARNING: NUMERIC_STD."=": metavalue detected, returning FALSE
# KERNEL: Time: 0 ps,  Iteration: 0,  Instance: /testbench/dut/mips1/dp/mainalu,  Process: line__29.
# KERNEL: WARNING: NUMERIC_STD.TO_INTEGER: metavalue detected, returning 0
# KERNEL: Time: 0 ps,  Iteration: 0,  Instance: /testbench/dut/imem1,  Process: line__13.
# KERNEL: WARNING: NUMERIC_STD.TO_INTEGER: metavalue detected, returning 0
# KERNEL: Time: 0 ps,  Iteration: 0,  Instance: /testbench/dut/dmem1,  Process: line__14.
# KERNEL: WARNING: NUMERIC_STD."=": metavalue detected, returning FALSE
# KERNEL: Time: 0 ps,  Iteration: 1,  Instance: /testbench/dut/mips1/dp/mainalu,  Process: line__29.
# KERNEL: WARNING: NUMERIC_STD.TO_INTEGER: metavalue detected, returning 0
# KERNEL: Time: 0 ps,  Iteration: 1,  Instance: /testbench/dut/dmem1,  Process: line__14.
# KERNEL: WARNING: NUMERIC_STD."=": metavalue detected, returning FALSE
# KERNEL: Time: 0 ps,  Iteration: 5,  Instance: /testbench/dut/mips1/dp/mainalu,  Process: line__29.
# KERNEL: WARNING: NUMERIC_STD.TO_INTEGER: metavalue detected, returning 0
# KERNEL: Time: 0 ps,  Iteration: 5,  Instance: /testbench/dut/dmem1,  Process: line__14.
# KERNEL: WARNING: NUMERIC_STD."=": metavalue detected, returning FALSE
# KERNEL: Time: 0 ps,  Iteration: 6,  Instance: /testbench/dut/mips1/dp/mainalu,  Process: line__29.
# KERNEL: WARNING: NUMERIC_STD."=": metavalue detected, returning FALSE
# KERNEL: Time: 30 ns,  Iteration: 7,  Instance: /testbench/dut/mips1/dp/mainalu,  Process: line__29.
# KERNEL: WARNING: NUMERIC_STD.TO_INTEGER: metavalue detected, returning 0
# KERNEL: Time: 30 ns,  Iteration: 7,  Instance: /testbench/dut/dmem1,  Process: line__14.
# KERNEL: WARNING: NUMERIC_STD.TO_INTEGER: metavalue detected, returning 0
# KERNEL: Time: 35 ns,  Iteration: 1,  Instance: /testbench/dut/dmem1,  Process: line__14.
# KERNEL: WARNING: NUMERIC_STD.TO_INTEGER: metavalue detected, returning 0
# KERNEL: Time: 40 ns,  Iteration: 1,  Instance: /testbench/dut/dmem1,  Process: line__14.
# KERNEL: WARNING: NUMERIC_STD."=": metavalue detected, returning FALSE
# KERNEL: Time: 40 ns,  Iteration: 7,  Instance: /testbench/dut/mips1/dp/mainalu,  Process: line__29.
# KERNEL: WARNING: NUMERIC_STD."=": metavalue detected, returning FALSE
# KERNEL: Time: 40 ns,  Iteration: 8,  Instance: /testbench/dut/mips1/dp/mainalu,  Process: line__29.
# KERNEL: WARNING: NUMERIC_STD."=": metavalue detected, returning FALSE
# KERNEL: Time: 50 ns,  Iteration: 7,  Instance: /testbench/dut/mips1/dp/mainalu,  Process: line__29.
# KERNEL: WARNING: NUMERIC_STD.TO_INTEGER: metavalue detected, returning 0
# KERNEL: Time: 50 ns,  Iteration: 7,  Instance: /testbench/dut/dmem1,  Process: line__14.
# KERNEL: WARNING: NUMERIC_STD.TO_INTEGER: metavalue detected, returning 0
# KERNEL: Time: 55 ns,  Iteration: 1,  Instance: /testbench/dut/dmem1,  Process: line__14.
# KERNEL: WARNING: NUMERIC_STD.TO_INTEGER: metavalue detected, returning 0
# KERNEL: Time: 60 ns,  Iteration: 1,  Instance: /testbench/dut/dmem1,  Process: line__14.
# KERNEL: WARNING: NUMERIC_STD."=": metavalue detected, returning FALSE
# KERNEL: Time: 60 ns,  Iteration: 7,  Instance: /testbench/dut/mips1/dp/mainalu,  Process: line__29.
# KERNEL: WARNING: NUMERIC_STD."=": metavalue detected, returning FALSE
# KERNEL: Time: 70 ns,  Iteration: 5,  Instance: /testbench/dut/mips1/dp/mainalu,  Process: line__29.
# KERNEL: WARNING: NUMERIC_STD.TO_INTEGER: metavalue detected, returning 0
# KERNEL: Time: 70 ns,  Iteration: 5,  Instance: /testbench/dut/dmem1,  Process: line__14.
# KERNEL: WARNING: NUMERIC_STD.TO_INTEGER: metavalue detected, returning 0
# KERNEL: Time: 75 ns,  Iteration: 1,  Instance: /testbench/dut/dmem1,  Process: line__14.
# KERNEL: WARNING: NUMERIC_STD.TO_INTEGER: metavalue detected, returning 0
# KERNEL: Time: 80 ns,  Iteration: 1,  Instance: /testbench/dut/dmem1,  Process: line__14.
# KERNEL: WARNING: NUMERIC_STD.TO_INTEGER: metavalue detected, returning 0
# KERNEL: Time: 80 ns,  Iteration: 2,  Instance: /testbench/dut/imem1,  Process: line__13.
# KERNEL: WARNING: NUMERIC_STD."=": metavalue detected, returning FALSE
# KERNEL: Time: 80 ns,  Iteration: 7,  Instance: /testbench/dut/mips1/dp/mainalu,  Process: line__29.
# KERNEL: WARNING: NUMERIC_STD.TO_INTEGER: metavalue detected, returning 0
# KERNEL: Time: 80 ns,  Iteration: 7,  Instance: /testbench/dut/dmem1,  Process: line__14.
# KERNEL: WARNING: NUMERIC_STD."=": metavalue detected, returning FALSE
# KERNEL: Time: 80 ns,  Iteration: 8,  Instance: /testbench/dut/mips1/dp/mainalu,  Process: line__29.
# KERNEL: stopped at time: 100 ns
run @10
# VSIM: Error: 10ps is less than current simulation time.
endsim
# VSIM: Simulation has finished.
asim -O5 testbench test
# ELBREAD: Elaboration process.
# ELBREAD: Elaboration time 0.0 [s].
# VSIM: Stack memory: 32MB
# VSIM: Retval memory: 32MB
# 
# KERNEL: Main thread initiated.
# KERNEL: Kernel process initialization phase.
# KERNEL: Time resolution set to 1ps.
# ELAB2: Elaboration final pass...
# ELAB2: Create instances ...
# ELAB2: Create instances complete.
# SLP: Started
# SLP: Elaboration phase ...
# SLP: Elaboration phase ... skipped, nothing to simulate in SLP mode : 0.0 [s]
# SLP: Finished : 0.0 [s]
# ELAB2: Elaboration final pass complete - time: 0.0 [s].
# KERNEL: Warning: You are using the Active-HDL Student Edition. The performance of simulation is running at a reduced rate.
# KERNEL: Warning: Contact Aldec for available upgrade options - sales@aldec.com.
# KERNEL: Kernel process initialization done.
# Allocation: Simulator allocated 7249 kB (elbread=1280 elab2=5828 kernel=140 sdf=0)
# KERNEL: ASDB file was created in location C:\My_Designs\MIPS_projeto_2\MIPS_projeto\src\wave.asdb
#  22:59, domingo, 4 de novembro de 2018
#  Simulation has been initialized
# Waveform file 'C:/My_Designs/MIPS_projeto_2/MIPS_projeto/src/TesteInclusoes.awc' connected to 'C:/My_Designs/MIPS_projeto_2/MIPS_projeto/src/wave.asdb'.
run @10ns
# KERNEL: WARNING: NUMERIC_STD.TO_INTEGER: metavalue detected, returning 0
# KERNEL: Time: 0 ps,  Iteration: 0,  Instance: /testbench/dut/mips1/dp/rf,  Process: line__29.
# KERNEL: WARNING: NUMERIC_STD.TO_INTEGER: metavalue detected, returning 0
# KERNEL: Time: 0 ps,  Iteration: 0,  Instance: /testbench/dut/mips1/dp/rf,  Process: line__29.
# KERNEL: WARNING: NUMERIC_STD."=": metavalue detected, returning FALSE
# KERNEL: Time: 0 ps,  Iteration: 0,  Instance: /testbench/dut/mips1/dp/mainalu,  Process: line__29.
# KERNEL: WARNING: NUMERIC_STD.TO_INTEGER: metavalue detected, returning 0
# KERNEL: Time: 0 ps,  Iteration: 0,  Instance: /testbench/dut/imem1,  Process: line__13.
# KERNEL: WARNING: NUMERIC_STD.TO_INTEGER: metavalue detected, returning 0
# KERNEL: Time: 0 ps,  Iteration: 0,  Instance: /testbench/dut/dmem1,  Process: line__14.
# KERNEL: WARNING: NUMERIC_STD."=": metavalue detected, returning FALSE
# KERNEL: Time: 0 ps,  Iteration: 1,  Instance: /testbench/dut/mips1/dp/mainalu,  Process: line__29.
# KERNEL: WARNING: NUMERIC_STD.TO_INTEGER: metavalue detected, returning 0
# KERNEL: Time: 0 ps,  Iteration: 1,  Instance: /testbench/dut/dmem1,  Process: line__14.
# KERNEL: WARNING: NUMERIC_STD."=": metavalue detected, returning FALSE
# KERNEL: Time: 0 ps,  Iteration: 5,  Instance: /testbench/dut/mips1/dp/mainalu,  Process: line__29.
# KERNEL: WARNING: NUMERIC_STD.TO_INTEGER: metavalue detected, returning 0
# KERNEL: Time: 0 ps,  Iteration: 5,  Instance: /testbench/dut/dmem1,  Process: line__14.
# KERNEL: WARNING: NUMERIC_STD."=": metavalue detected, returning FALSE
# KERNEL: Time: 0 ps,  Iteration: 6,  Instance: /testbench/dut/mips1/dp/mainalu,  Process: line__29.
# KERNEL: stopped at time: 10 ns
endsim
# VSIM: Simulation has finished.
asim -O5 testbench test
# ELBREAD: Elaboration process.
# ELBREAD: Elaboration time 0.0 [s].
# VSIM: Stack memory: 32MB
# VSIM: Retval memory: 32MB
# 
# KERNEL: Main thread initiated.
# KERNEL: Kernel process initialization phase.
# KERNEL: Time resolution set to 1ps.
# ELAB2: Elaboration final pass...
# ELAB2: Create instances ...
# ELAB2: Create instances complete.
# SLP: Started
# SLP: Elaboration phase ...
# SLP: Elaboration phase ... skipped, nothing to simulate in SLP mode : 0.0 [s]
# SLP: Finished : 0.0 [s]
# ELAB2: Elaboration final pass complete - time: 0.0 [s].
# KERNEL: Warning: You are using the Active-HDL Student Edition. The performance of simulation is running at a reduced rate.
# KERNEL: Warning: Contact Aldec for available upgrade options - sales@aldec.com.
# KERNEL: Kernel process initialization done.
# Allocation: Simulator allocated 7249 kB (elbread=1280 elab2=5828 kernel=140 sdf=0)
# KERNEL: ASDB file was created in location C:\My_Designs\MIPS_projeto_2\MIPS_projeto\src\wave.asdb
#  23:00, domingo, 4 de novembro de 2018
#  Simulation has been initialized
# Waveform file 'C:/My_Designs/MIPS_projeto_2/MIPS_projeto/src/TesteInclusoes.awc' connected to 'C:/My_Designs/MIPS_projeto_2/MIPS_projeto/src/wave.asdb'.
run @100ns
# KERNEL: WARNING: NUMERIC_STD.TO_INTEGER: metavalue detected, returning 0
# KERNEL: Time: 0 ps,  Iteration: 0,  Instance: /testbench/dut/mips1/dp/rf,  Process: line__29.
# KERNEL: WARNING: NUMERIC_STD.TO_INTEGER: metavalue detected, returning 0
# KERNEL: Time: 0 ps,  Iteration: 0,  Instance: /testbench/dut/mips1/dp/rf,  Process: line__29.
# KERNEL: WARNING: NUMERIC_STD."=": metavalue detected, returning FALSE
# KERNEL: Time: 0 ps,  Iteration: 0,  Instance: /testbench/dut/mips1/dp/mainalu,  Process: line__29.
# KERNEL: WARNING: NUMERIC_STD.TO_INTEGER: metavalue detected, returning 0
# KERNEL: Time: 0 ps,  Iteration: 0,  Instance: /testbench/dut/imem1,  Process: line__13.
# KERNEL: WARNING: NUMERIC_STD.TO_INTEGER: metavalue detected, returning 0
# KERNEL: Time: 0 ps,  Iteration: 0,  Instance: /testbench/dut/dmem1,  Process: line__14.
# KERNEL: WARNING: NUMERIC_STD."=": metavalue detected, returning FALSE
# KERNEL: Time: 0 ps,  Iteration: 1,  Instance: /testbench/dut/mips1/dp/mainalu,  Process: line__29.
# KERNEL: WARNING: NUMERIC_STD.TO_INTEGER: metavalue detected, returning 0
# KERNEL: Time: 0 ps,  Iteration: 1,  Instance: /testbench/dut/dmem1,  Process: line__14.
# KERNEL: WARNING: NUMERIC_STD."=": metavalue detected, returning FALSE
# KERNEL: Time: 0 ps,  Iteration: 5,  Instance: /testbench/dut/mips1/dp/mainalu,  Process: line__29.
# KERNEL: WARNING: NUMERIC_STD.TO_INTEGER: metavalue detected, returning 0
# KERNEL: Time: 0 ps,  Iteration: 5,  Instance: /testbench/dut/dmem1,  Process: line__14.
# KERNEL: WARNING: NUMERIC_STD."=": metavalue detected, returning FALSE
# KERNEL: Time: 0 ps,  Iteration: 6,  Instance: /testbench/dut/mips1/dp/mainalu,  Process: line__29.
# KERNEL: WARNING: NUMERIC_STD."=": metavalue detected, returning FALSE
# KERNEL: Time: 30 ns,  Iteration: 7,  Instance: /testbench/dut/mips1/dp/mainalu,  Process: line__29.
# KERNEL: WARNING: NUMERIC_STD.TO_INTEGER: metavalue detected, returning 0
# KERNEL: Time: 30 ns,  Iteration: 7,  Instance: /testbench/dut/dmem1,  Process: line__14.
# KERNEL: WARNING: NUMERIC_STD.TO_INTEGER: metavalue detected, returning 0
# KERNEL: Time: 35 ns,  Iteration: 1,  Instance: /testbench/dut/dmem1,  Process: line__14.
# KERNEL: WARNING: NUMERIC_STD.TO_INTEGER: metavalue detected, returning 0
# KERNEL: Time: 40 ns,  Iteration: 1,  Instance: /testbench/dut/dmem1,  Process: line__14.
# KERNEL: WARNING: NUMERIC_STD."=": metavalue detected, returning FALSE
# KERNEL: Time: 40 ns,  Iteration: 7,  Instance: /testbench/dut/mips1/dp/mainalu,  Process: line__29.
# KERNEL: WARNING: NUMERIC_STD."=": metavalue detected, returning FALSE
# KERNEL: Time: 40 ns,  Iteration: 8,  Instance: /testbench/dut/mips1/dp/mainalu,  Process: line__29.
# KERNEL: WARNING: NUMERIC_STD."=": metavalue detected, returning FALSE
# KERNEL: Time: 50 ns,  Iteration: 7,  Instance: /testbench/dut/mips1/dp/mainalu,  Process: line__29.
# KERNEL: WARNING: NUMERIC_STD.TO_INTEGER: metavalue detected, returning 0
# KERNEL: Time: 50 ns,  Iteration: 7,  Instance: /testbench/dut/dmem1,  Process: line__14.
# KERNEL: WARNING: NUMERIC_STD.TO_INTEGER: metavalue detected, returning 0
# KERNEL: Time: 55 ns,  Iteration: 1,  Instance: /testbench/dut/dmem1,  Process: line__14.
# KERNEL: WARNING: NUMERIC_STD.TO_INTEGER: metavalue detected, returning 0
# KERNEL: Time: 60 ns,  Iteration: 1,  Instance: /testbench/dut/dmem1,  Process: line__14.
# KERNEL: WARNING: NUMERIC_STD."=": metavalue detected, returning FALSE
# KERNEL: Time: 60 ns,  Iteration: 7,  Instance: /testbench/dut/mips1/dp/mainalu,  Process: line__29.
# KERNEL: WARNING: NUMERIC_STD."=": metavalue detected, returning FALSE
# KERNEL: Time: 70 ns,  Iteration: 5,  Instance: /testbench/dut/mips1/dp/mainalu,  Process: line__29.
# KERNEL: WARNING: NUMERIC_STD.TO_INTEGER: metavalue detected, returning 0
# KERNEL: Time: 70 ns,  Iteration: 5,  Instance: /testbench/dut/dmem1,  Process: line__14.
# KERNEL: WARNING: NUMERIC_STD.TO_INTEGER: metavalue detected, returning 0
# KERNEL: Time: 75 ns,  Iteration: 1,  Instance: /testbench/dut/dmem1,  Process: line__14.
# KERNEL: WARNING: NUMERIC_STD.TO_INTEGER: metavalue detected, returning 0
# KERNEL: Time: 80 ns,  Iteration: 1,  Instance: /testbench/dut/dmem1,  Process: line__14.
# KERNEL: WARNING: NUMERIC_STD.TO_INTEGER: metavalue detected, returning 0
# KERNEL: Time: 80 ns,  Iteration: 2,  Instance: /testbench/dut/imem1,  Process: line__13.
# KERNEL: WARNING: NUMERIC_STD."=": metavalue detected, returning FALSE
# KERNEL: Time: 80 ns,  Iteration: 7,  Instance: /testbench/dut/mips1/dp/mainalu,  Process: line__29.
# KERNEL: WARNING: NUMERIC_STD.TO_INTEGER: metavalue detected, returning 0
# KERNEL: Time: 80 ns,  Iteration: 7,  Instance: /testbench/dut/dmem1,  Process: line__14.
# KERNEL: WARNING: NUMERIC_STD."=": metavalue detected, returning FALSE
# KERNEL: Time: 80 ns,  Iteration: 8,  Instance: /testbench/dut/mips1/dp/mainalu,  Process: line__29.
# KERNEL: stopped at time: 100 ns
acom -reorder -O3 -e 100 -work mips_projeto -2008  $dsn/src/imem.vhd $dsn/src/mux2.vhd $dsn/src/signext.vhd $dsn/src/sl2.vhd $dsn/src/regfile.vhd $dsn/src/maindec.vhd $dsn/src/dmem.vhd $dsn/src/flopr.vhd $dsn/src/alu.vhd $dsn/src/aludec.vhd $dsn/src/adder.vhd $dsn/src/datapath.vhd $dsn/src/controller.vhd $dsn/src/mips.vhd $dsn/src/top.vhd $dsn/src/testbench.vhd
# Warning: DAGGEN_0523: The source is compiled without the -dbg switch. Line breakpoints and assertion debug will not be available.
# File: C:\My_Designs\MIPS_projeto_2\MIPS_projeto\src\imem.vhd
# Compile Entity "imem"
# Compile Architecture "behave" of Entity "imem"
# File: C:\My_Designs\MIPS_projeto_2\MIPS_projeto\src\mux2.vhd
# Compile Entity "mux2"
# Compile Architecture "behave" of Entity "mux2"
# File: C:\My_Designs\MIPS_projeto_2\MIPS_projeto\src\signext.vhd
# Compile Entity "signext"
# Compile Architecture "behave" of Entity "signext"
# File: C:\My_Designs\MIPS_projeto_2\MIPS_projeto\src\sl2.vhd
# Compile Entity "sl2"
# Compile Architecture "behave" of Entity "sl2"
# File: C:\My_Designs\MIPS_projeto_2\MIPS_projeto\src\regfile.vhd
# Compile Entity "regfile"
# Compile Architecture "behave" of Entity "regfile"
# File: C:\My_Designs\MIPS_projeto_2\MIPS_projeto\src\maindec.vhd
# Compile Entity "maindec"
# Compile Architecture "behave" of Entity "maindec"
# File: C:\My_Designs\MIPS_projeto_2\MIPS_projeto\src\dmem.vhd
# Compile Entity "dmem"
# Compile Architecture "behave" of Entity "dmem"
# File: C:\My_Designs\MIPS_projeto_2\MIPS_projeto\src\flopr.vhd
# Compile Entity "flopr"
# Compile Architecture "asynchronous" of Entity "flopr"
# File: C:\My_Designs\MIPS_projeto_2\MIPS_projeto\src\alu.vhd
# Compile Entity "alu"
# Compile Architecture "behave" of Entity "alu"
# File: C:\My_Designs\MIPS_projeto_2\MIPS_projeto\src\aludec.vhd
# Compile Entity "aludec"
# Compile Architecture "behave" of Entity "aludec"
# File: C:\My_Designs\MIPS_projeto_2\MIPS_projeto\src\adder.vhd
# Compile Entity "adder"
# Compile Architecture "behave" of Entity "adder"
# File: C:\My_Designs\MIPS_projeto_2\MIPS_projeto\src\datapath.vhd
# Compile Entity "datapath"
# Compile Architecture "struct" of Entity "datapath"
# File: C:\My_Designs\MIPS_projeto_2\MIPS_projeto\src\controller.vhd
# Compile Entity "controller"
# Compile Architecture "struct" of Entity "controller"
# File: C:\My_Designs\MIPS_projeto_2\MIPS_projeto\src\mips.vhd
# Compile Entity "mips"
# Compile Architecture "struct" of Entity "mips"
# File: C:\My_Designs\MIPS_projeto_2\MIPS_projeto\src\top.vhd
# Compile Entity "top"
# Compile Architecture "test" of Entity "top"
# File: C:\My_Designs\MIPS_projeto_2\MIPS_projeto\src\testbench.vhd
# Compile Entity "testbench"
# Compile Architecture "test" of Entity "testbench"
# Top-level unit(s) detected:
# Entity => testbench
# Compile success 0 Errors 0 Warnings  Analysis time :  0.2 [s]
endsim
# VSIM: Simulation has finished.
asim -O5 testbench test
# ELBREAD: Elaboration process.
# ELBREAD: Elaboration time 0.0 [s].
# VSIM: Stack memory: 32MB
# VSIM: Retval memory: 32MB
# 
# KERNEL: Main thread initiated.
# KERNEL: Kernel process initialization phase.
# KERNEL: Time resolution set to 1ps.
# ELAB2: Elaboration final pass...
# ELAB2: Create instances ...
# ELAB2: Create instances complete.
# SLP: Started
# SLP: Elaboration phase ...
# SLP: Elaboration phase ... skipped, nothing to simulate in SLP mode : 0.0 [s]
# SLP: Finished : 0.0 [s]
# ELAB2: Elaboration final pass complete - time: 0.0 [s].
# KERNEL: Warning: You are using the Active-HDL Student Edition. The performance of simulation is running at a reduced rate.
# KERNEL: Warning: Contact Aldec for available upgrade options - sales@aldec.com.
# KERNEL: Kernel process initialization done.
# Allocation: Simulator allocated 7249 kB (elbread=1280 elab2=5828 kernel=140 sdf=0)
# KERNEL: ASDB file was created in location C:\My_Designs\MIPS_projeto_2\MIPS_projeto\src\wave.asdb
#  23:02, domingo, 4 de novembro de 2018
#  Simulation has been initialized
# Waveform file 'C:/My_Designs/MIPS_projeto_2/MIPS_projeto/src/TesteInclusoes.awc' connected to 'C:/My_Designs/MIPS_projeto_2/MIPS_projeto/src/wave.asdb'.
run @100ns
# KERNEL: WARNING: NUMERIC_STD.TO_INTEGER: metavalue detected, returning 0
# KERNEL: Time: 0 ps,  Iteration: 0,  Instance: /testbench/dut/mips1/dp/rf,  Process: line__29.
# KERNEL: WARNING: NUMERIC_STD.TO_INTEGER: metavalue detected, returning 0
# KERNEL: Time: 0 ps,  Iteration: 0,  Instance: /testbench/dut/mips1/dp/rf,  Process: line__29.
# KERNEL: WARNING: NUMERIC_STD."=": metavalue detected, returning FALSE
# KERNEL: Time: 0 ps,  Iteration: 0,  Instance: /testbench/dut/mips1/dp/mainalu,  Process: line__29.
# KERNEL: WARNING: NUMERIC_STD.TO_INTEGER: metavalue detected, returning 0
# KERNEL: Time: 0 ps,  Iteration: 0,  Instance: /testbench/dut/imem1,  Process: line__13.
# KERNEL: WARNING: NUMERIC_STD.TO_INTEGER: metavalue detected, returning 0
# KERNEL: Time: 0 ps,  Iteration: 0,  Instance: /testbench/dut/dmem1,  Process: line__14.
# KERNEL: WARNING: NUMERIC_STD."=": metavalue detected, returning FALSE
# KERNEL: Time: 0 ps,  Iteration: 1,  Instance: /testbench/dut/mips1/dp/mainalu,  Process: line__29.
# KERNEL: WARNING: NUMERIC_STD.TO_INTEGER: metavalue detected, returning 0
# KERNEL: Time: 0 ps,  Iteration: 1,  Instance: /testbench/dut/dmem1,  Process: line__14.
# KERNEL: WARNING: NUMERIC_STD."=": metavalue detected, returning FALSE
# KERNEL: Time: 0 ps,  Iteration: 5,  Instance: /testbench/dut/mips1/dp/mainalu,  Process: line__29.
# KERNEL: WARNING: NUMERIC_STD.TO_INTEGER: metavalue detected, returning 0
# KERNEL: Time: 0 ps,  Iteration: 5,  Instance: /testbench/dut/dmem1,  Process: line__14.
# KERNEL: WARNING: NUMERIC_STD."=": metavalue detected, returning FALSE
# KERNEL: Time: 70 ns,  Iteration: 5,  Instance: /testbench/dut/mips1/dp/mainalu,  Process: line__29.
# KERNEL: WARNING: NUMERIC_STD.TO_INTEGER: metavalue detected, returning 0
# KERNEL: Time: 70 ns,  Iteration: 5,  Instance: /testbench/dut/dmem1,  Process: line__14.
# KERNEL: WARNING: NUMERIC_STD."=": metavalue detected, returning FALSE
# KERNEL: Time: 90 ns,  Iteration: 5,  Instance: /testbench/dut/mips1/dp/mainalu,  Process: line__29.
# KERNEL: WARNING: NUMERIC_STD.TO_INTEGER: metavalue detected, returning 0
# KERNEL: Time: 90 ns,  Iteration: 5,  Instance: /testbench/dut/dmem1,  Process: line__14.
# KERNEL: stopped at time: 100 ns
# 1 signal(s) traced.
endsim
# VSIM: Simulation has finished.
asim -O5 testbench test
# ELBREAD: Elaboration process.
# ELBREAD: Elaboration time 0.0 [s].
# VSIM: Stack memory: 32MB
# VSIM: Retval memory: 32MB
# 
# KERNEL: Main thread initiated.
# KERNEL: Kernel process initialization phase.
# KERNEL: Time resolution set to 1ps.
# ELAB2: Elaboration final pass...
# ELAB2: Create instances ...
# ELAB2: Create instances complete.
# SLP: Started
# SLP: Elaboration phase ...
# SLP: Elaboration phase ... skipped, nothing to simulate in SLP mode : 0.0 [s]
# SLP: Finished : 0.0 [s]
# ELAB2: Elaboration final pass complete - time: 0.0 [s].
# KERNEL: Warning: You are using the Active-HDL Student Edition. The performance of simulation is running at a reduced rate.
# KERNEL: Warning: Contact Aldec for available upgrade options - sales@aldec.com.
# KERNEL: Kernel process initialization done.
# Allocation: Simulator allocated 7249 kB (elbread=1280 elab2=5828 kernel=140 sdf=0)
# KERNEL: ASDB file was created in location C:\My_Designs\MIPS_projeto_2\MIPS_projeto\src\wave.asdb
#  23:04, domingo, 4 de novembro de 2018
#  Simulation has been initialized
# Waveform file 'C:/My_Designs/MIPS_projeto_2/MIPS_projeto/src/TesteInclusoes.awc' connected to 'C:/My_Designs/MIPS_projeto_2/MIPS_projeto/src/wave.asdb'.
run @100ns
# KERNEL: WARNING: NUMERIC_STD.TO_INTEGER: metavalue detected, returning 0
# KERNEL: Time: 0 ps,  Iteration: 0,  Instance: /testbench/dut/mips1/dp/rf,  Process: line__29.
# KERNEL: WARNING: NUMERIC_STD.TO_INTEGER: metavalue detected, returning 0
# KERNEL: Time: 0 ps,  Iteration: 0,  Instance: /testbench/dut/mips1/dp/rf,  Process: line__29.
# KERNEL: WARNING: NUMERIC_STD."=": metavalue detected, returning FALSE
# KERNEL: Time: 0 ps,  Iteration: 0,  Instance: /testbench/dut/mips1/dp/mainalu,  Process: line__29.
# KERNEL: WARNING: NUMERIC_STD.TO_INTEGER: metavalue detected, returning 0
# KERNEL: Time: 0 ps,  Iteration: 0,  Instance: /testbench/dut/imem1,  Process: line__13.
# KERNEL: WARNING: NUMERIC_STD.TO_INTEGER: metavalue detected, returning 0
# KERNEL: Time: 0 ps,  Iteration: 0,  Instance: /testbench/dut/dmem1,  Process: line__14.
# KERNEL: WARNING: NUMERIC_STD."=": metavalue detected, returning FALSE
# KERNEL: Time: 0 ps,  Iteration: 1,  Instance: /testbench/dut/mips1/dp/mainalu,  Process: line__29.
# KERNEL: WARNING: NUMERIC_STD.TO_INTEGER: metavalue detected, returning 0
# KERNEL: Time: 0 ps,  Iteration: 1,  Instance: /testbench/dut/dmem1,  Process: line__14.
# KERNEL: WARNING: NUMERIC_STD."=": metavalue detected, returning FALSE
# KERNEL: Time: 0 ps,  Iteration: 5,  Instance: /testbench/dut/mips1/dp/mainalu,  Process: line__29.
# KERNEL: WARNING: NUMERIC_STD.TO_INTEGER: metavalue detected, returning 0
# KERNEL: Time: 0 ps,  Iteration: 5,  Instance: /testbench/dut/dmem1,  Process: line__14.
# KERNEL: WARNING: NUMERIC_STD."=": metavalue detected, returning FALSE
# KERNEL: Time: 70 ns,  Iteration: 5,  Instance: /testbench/dut/mips1/dp/mainalu,  Process: line__29.
# KERNEL: WARNING: NUMERIC_STD.TO_INTEGER: metavalue detected, returning 0
# KERNEL: Time: 70 ns,  Iteration: 5,  Instance: /testbench/dut/dmem1,  Process: line__14.
# KERNEL: WARNING: NUMERIC_STD."=": metavalue detected, returning FALSE
# KERNEL: Time: 90 ns,  Iteration: 5,  Instance: /testbench/dut/mips1/dp/mainalu,  Process: line__29.
# KERNEL: WARNING: NUMERIC_STD.TO_INTEGER: metavalue detected, returning 0
# KERNEL: Time: 90 ns,  Iteration: 5,  Instance: /testbench/dut/dmem1,  Process: line__14.
# KERNEL: stopped at time: 100 ns
# 1 signal(s) traced.
endsim
# VSIM: Simulation has finished.
asim -O5 testbench test
# ELBREAD: Elaboration process.
# ELBREAD: Elaboration time 0.0 [s].
# VSIM: Stack memory: 32MB
# VSIM: Retval memory: 32MB
# 
# KERNEL: Main thread initiated.
# KERNEL: Kernel process initialization phase.
# KERNEL: Time resolution set to 1ps.
# ELAB2: Elaboration final pass...
# ELAB2: Create instances ...
# ELAB2: Create instances complete.
# SLP: Started
# SLP: Elaboration phase ...
# SLP: Elaboration phase ... skipped, nothing to simulate in SLP mode : 0.0 [s]
# SLP: Finished : 0.0 [s]
# ELAB2: Elaboration final pass complete - time: 0.1 [s].
# KERNEL: Warning: You are using the Active-HDL Student Edition. The performance of simulation is running at a reduced rate.
# KERNEL: Warning: Contact Aldec for available upgrade options - sales@aldec.com.
# KERNEL: Kernel process initialization done.
# Allocation: Simulator allocated 7249 kB (elbread=1280 elab2=5828 kernel=140 sdf=0)
# KERNEL: ASDB file was created in location C:\My_Designs\MIPS_projeto_2\MIPS_projeto\src\wave.asdb
#  23:06, domingo, 4 de novembro de 2018
#  Simulation has been initialized
# Waveform file 'C:/My_Designs/MIPS_projeto_2/MIPS_projeto/src/TesteInclusoes.awc' connected to 'C:/My_Designs/MIPS_projeto_2/MIPS_projeto/src/wave.asdb'.
run @150ns
# KERNEL: WARNING: NUMERIC_STD.TO_INTEGER: metavalue detected, returning 0
# KERNEL: Time: 0 ps,  Iteration: 0,  Instance: /testbench/dut/mips1/dp/rf,  Process: line__29.
# KERNEL: WARNING: NUMERIC_STD.TO_INTEGER: metavalue detected, returning 0
# KERNEL: Time: 0 ps,  Iteration: 0,  Instance: /testbench/dut/mips1/dp/rf,  Process: line__29.
# KERNEL: WARNING: NUMERIC_STD."=": metavalue detected, returning FALSE
# KERNEL: Time: 0 ps,  Iteration: 0,  Instance: /testbench/dut/mips1/dp/mainalu,  Process: line__29.
# KERNEL: WARNING: NUMERIC_STD.TO_INTEGER: metavalue detected, returning 0
# KERNEL: Time: 0 ps,  Iteration: 0,  Instance: /testbench/dut/imem1,  Process: line__13.
# KERNEL: WARNING: NUMERIC_STD.TO_INTEGER: metavalue detected, returning 0
# KERNEL: Time: 0 ps,  Iteration: 0,  Instance: /testbench/dut/dmem1,  Process: line__14.
# KERNEL: WARNING: NUMERIC_STD."=": metavalue detected, returning FALSE
# KERNEL: Time: 0 ps,  Iteration: 1,  Instance: /testbench/dut/mips1/dp/mainalu,  Process: line__29.
# KERNEL: WARNING: NUMERIC_STD.TO_INTEGER: metavalue detected, returning 0
# KERNEL: Time: 0 ps,  Iteration: 1,  Instance: /testbench/dut/dmem1,  Process: line__14.
# KERNEL: WARNING: NUMERIC_STD."=": metavalue detected, returning FALSE
# KERNEL: Time: 0 ps,  Iteration: 5,  Instance: /testbench/dut/mips1/dp/mainalu,  Process: line__29.
# KERNEL: WARNING: NUMERIC_STD.TO_INTEGER: metavalue detected, returning 0
# KERNEL: Time: 0 ps,  Iteration: 5,  Instance: /testbench/dut/dmem1,  Process: line__14.
# KERNEL: WARNING: NUMERIC_STD."=": metavalue detected, returning FALSE
# KERNEL: Time: 70 ns,  Iteration: 5,  Instance: /testbench/dut/mips1/dp/mainalu,  Process: line__29.
# KERNEL: WARNING: NUMERIC_STD.TO_INTEGER: metavalue detected, returning 0
# KERNEL: Time: 70 ns,  Iteration: 5,  Instance: /testbench/dut/dmem1,  Process: line__14.
# KERNEL: WARNING: NUMERIC_STD."=": metavalue detected, returning FALSE
# KERNEL: Time: 90 ns,  Iteration: 5,  Instance: /testbench/dut/mips1/dp/mainalu,  Process: line__29.
# KERNEL: WARNING: NUMERIC_STD.TO_INTEGER: metavalue detected, returning 0
# KERNEL: Time: 90 ns,  Iteration: 5,  Instance: /testbench/dut/dmem1,  Process: line__14.
# KERNEL: WARNING: NUMERIC_STD."=": metavalue detected, returning FALSE
# KERNEL: Time: 120 ns,  Iteration: 5,  Instance: /testbench/dut/mips1/dp/mainalu,  Process: line__29.
# KERNEL: WARNING: NUMERIC_STD.TO_INTEGER: metavalue detected, returning 0
# KERNEL: Time: 120 ns,  Iteration: 5,  Instance: /testbench/dut/dmem1,  Process: line__14.
# EXECUTION:: FAILURE: Simulation failed
# EXECUTION:: Time: 125 ns,  Iteration: 1,  Instance: /testbench,  Process: line__38.
# KERNEL: Stopped at time 125 ns + 1.
# 1 signal(s) traced.
# 1 signal(s) traced.
# 1 signal(s) traced.
endsim
# VSIM: Simulation has finished.
asim -O5 testbench test
# ELBREAD: Elaboration process.
# ELBREAD: Elaboration time 0.0 [s].
# VSIM: Stack memory: 32MB
# VSIM: Retval memory: 32MB
# 
# KERNEL: Main thread initiated.
# KERNEL: Kernel process initialization phase.
# KERNEL: Time resolution set to 1ps.
# ELAB2: Elaboration final pass...
# ELAB2: Create instances ...
# ELAB2: Create instances complete.
# SLP: Started
# SLP: Elaboration phase ...
# SLP: Elaboration phase ... skipped, nothing to simulate in SLP mode : 0.0 [s]
# SLP: Finished : 0.0 [s]
# ELAB2: Elaboration final pass complete - time: 0.0 [s].
# KERNEL: Warning: You are using the Active-HDL Student Edition. The performance of simulation is running at a reduced rate.
# KERNEL: Warning: Contact Aldec for available upgrade options - sales@aldec.com.
# KERNEL: Kernel process initialization done.
# Allocation: Simulator allocated 7249 kB (elbread=1280 elab2=5828 kernel=140 sdf=0)
# KERNEL: ASDB file was created in location C:\My_Designs\MIPS_projeto_2\MIPS_projeto\src\wave.asdb
#  23:11, domingo, 4 de novembro de 2018
#  Simulation has been initialized
# Waveform file 'C:/My_Designs/MIPS_projeto_2/MIPS_projeto/src/TesteInclusoes.awc' connected to 'C:/My_Designs/MIPS_projeto_2/MIPS_projeto/src/wave.asdb'.
run @150ns
# KERNEL: WARNING: NUMERIC_STD.TO_INTEGER: metavalue detected, returning 0
# KERNEL: Time: 0 ps,  Iteration: 0,  Instance: /testbench/dut/mips1/dp/rf,  Process: line__29.
# KERNEL: WARNING: NUMERIC_STD.TO_INTEGER: metavalue detected, returning 0
# KERNEL: Time: 0 ps,  Iteration: 0,  Instance: /testbench/dut/mips1/dp/rf,  Process: line__29.
# KERNEL: WARNING: NUMERIC_STD."=": metavalue detected, returning FALSE
# KERNEL: Time: 0 ps,  Iteration: 0,  Instance: /testbench/dut/mips1/dp/mainalu,  Process: line__29.
# KERNEL: WARNING: NUMERIC_STD.TO_INTEGER: metavalue detected, returning 0
# KERNEL: Time: 0 ps,  Iteration: 0,  Instance: /testbench/dut/imem1,  Process: line__13.
# KERNEL: WARNING: NUMERIC_STD.TO_INTEGER: metavalue detected, returning 0
# KERNEL: Time: 0 ps,  Iteration: 0,  Instance: /testbench/dut/dmem1,  Process: line__14.
# KERNEL: WARNING: NUMERIC_STD."=": metavalue detected, returning FALSE
# KERNEL: Time: 0 ps,  Iteration: 1,  Instance: /testbench/dut/mips1/dp/mainalu,  Process: line__29.
# KERNEL: WARNING: NUMERIC_STD.TO_INTEGER: metavalue detected, returning 0
# KERNEL: Time: 0 ps,  Iteration: 1,  Instance: /testbench/dut/dmem1,  Process: line__14.
# KERNEL: WARNING: NUMERIC_STD."=": metavalue detected, returning FALSE
# KERNEL: Time: 0 ps,  Iteration: 5,  Instance: /testbench/dut/mips1/dp/mainalu,  Process: line__29.
# KERNEL: WARNING: NUMERIC_STD.TO_INTEGER: metavalue detected, returning 0
# KERNEL: Time: 0 ps,  Iteration: 5,  Instance: /testbench/dut/dmem1,  Process: line__14.
# KERNEL: WARNING: NUMERIC_STD."=": metavalue detected, returning FALSE
# KERNEL: Time: 70 ns,  Iteration: 5,  Instance: /testbench/dut/mips1/dp/mainalu,  Process: line__29.
# KERNEL: WARNING: NUMERIC_STD.TO_INTEGER: metavalue detected, returning 0
# KERNEL: Time: 70 ns,  Iteration: 5,  Instance: /testbench/dut/dmem1,  Process: line__14.
# KERNEL: WARNING: NUMERIC_STD."=": metavalue detected, returning FALSE
# KERNEL: Time: 90 ns,  Iteration: 5,  Instance: /testbench/dut/mips1/dp/mainalu,  Process: line__29.
# KERNEL: WARNING: NUMERIC_STD.TO_INTEGER: metavalue detected, returning 0
# KERNEL: Time: 90 ns,  Iteration: 5,  Instance: /testbench/dut/dmem1,  Process: line__14.
# KERNEL: WARNING: NUMERIC_STD."=": metavalue detected, returning FALSE
# KERNEL: Time: 120 ns,  Iteration: 5,  Instance: /testbench/dut/mips1/dp/mainalu,  Process: line__29.
# KERNEL: WARNING: NUMERIC_STD.TO_INTEGER: metavalue detected, returning 0
# KERNEL: Time: 120 ns,  Iteration: 5,  Instance: /testbench/dut/dmem1,  Process: line__14.
# EXECUTION:: FAILURE: Simulation failed
# EXECUTION:: Time: 125 ns,  Iteration: 1,  Instance: /testbench,  Process: line__38.
# KERNEL: Stopped at time 125 ns + 1.
# 1 signal(s) traced.
# 1 signal(s) traced.
endsim
# VSIM: Simulation has finished.
asim -O5 testbench test
# ELBREAD: Elaboration process.
# ELBREAD: Elaboration time 0.0 [s].
# VSIM: Stack memory: 32MB
# VSIM: Retval memory: 32MB
# 
# KERNEL: Main thread initiated.
# KERNEL: Kernel process initialization phase.
# KERNEL: Time resolution set to 1ps.
# ELAB2: Elaboration final pass...
# ELAB2: Create instances ...
# ELAB2: Create instances complete.
# SLP: Started
# SLP: Elaboration phase ...
# SLP: Elaboration phase ... skipped, nothing to simulate in SLP mode : 0.0 [s]
# SLP: Finished : 0.0 [s]
# ELAB2: Elaboration final pass complete - time: 0.0 [s].
# KERNEL: Warning: You are using the Active-HDL Student Edition. The performance of simulation is running at a reduced rate.
# KERNEL: Warning: Contact Aldec for available upgrade options - sales@aldec.com.
# KERNEL: Kernel process initialization done.
# Allocation: Simulator allocated 7249 kB (elbread=1280 elab2=5828 kernel=140 sdf=0)
# KERNEL: ASDB file was created in location C:\My_Designs\MIPS_projeto_2\MIPS_projeto\src\wave.asdb
#  23:12, domingo, 4 de novembro de 2018
#  Simulation has been initialized
# Waveform file 'C:/My_Designs/MIPS_projeto_2/MIPS_projeto/src/TesteInclusoes.awc' connected to 'C:/My_Designs/MIPS_projeto_2/MIPS_projeto/src/wave.asdb'.
run @150ns
# KERNEL: WARNING: NUMERIC_STD.TO_INTEGER: metavalue detected, returning 0
# KERNEL: Time: 0 ps,  Iteration: 0,  Instance: /testbench/dut/mips1/dp/rf,  Process: line__29.
# KERNEL: WARNING: NUMERIC_STD.TO_INTEGER: metavalue detected, returning 0
# KERNEL: Time: 0 ps,  Iteration: 0,  Instance: /testbench/dut/mips1/dp/rf,  Process: line__29.
# KERNEL: WARNING: NUMERIC_STD."=": metavalue detected, returning FALSE
# KERNEL: Time: 0 ps,  Iteration: 0,  Instance: /testbench/dut/mips1/dp/mainalu,  Process: line__29.
# KERNEL: WARNING: NUMERIC_STD.TO_INTEGER: metavalue detected, returning 0
# KERNEL: Time: 0 ps,  Iteration: 0,  Instance: /testbench/dut/imem1,  Process: line__13.
# KERNEL: WARNING: NUMERIC_STD.TO_INTEGER: metavalue detected, returning 0
# KERNEL: Time: 0 ps,  Iteration: 0,  Instance: /testbench/dut/dmem1,  Process: line__14.
# KERNEL: WARNING: NUMERIC_STD."=": metavalue detected, returning FALSE
# KERNEL: Time: 0 ps,  Iteration: 1,  Instance: /testbench/dut/mips1/dp/mainalu,  Process: line__29.
# KERNEL: WARNING: NUMERIC_STD.TO_INTEGER: metavalue detected, returning 0
# KERNEL: Time: 0 ps,  Iteration: 1,  Instance: /testbench/dut/dmem1,  Process: line__14.
# KERNEL: WARNING: NUMERIC_STD."=": metavalue detected, returning FALSE
# KERNEL: Time: 0 ps,  Iteration: 5,  Instance: /testbench/dut/mips1/dp/mainalu,  Process: line__29.
# KERNEL: WARNING: NUMERIC_STD.TO_INTEGER: metavalue detected, returning 0
# KERNEL: Time: 0 ps,  Iteration: 5,  Instance: /testbench/dut/dmem1,  Process: line__14.
# KERNEL: WARNING: NUMERIC_STD."=": metavalue detected, returning FALSE
# KERNEL: Time: 70 ns,  Iteration: 5,  Instance: /testbench/dut/mips1/dp/mainalu,  Process: line__29.
# KERNEL: WARNING: NUMERIC_STD.TO_INTEGER: metavalue detected, returning 0
# KERNEL: Time: 70 ns,  Iteration: 5,  Instance: /testbench/dut/dmem1,  Process: line__14.
# KERNEL: WARNING: NUMERIC_STD."=": metavalue detected, returning FALSE
# KERNEL: Time: 90 ns,  Iteration: 5,  Instance: /testbench/dut/mips1/dp/mainalu,  Process: line__29.
# KERNEL: WARNING: NUMERIC_STD.TO_INTEGER: metavalue detected, returning 0
# KERNEL: Time: 90 ns,  Iteration: 5,  Instance: /testbench/dut/dmem1,  Process: line__14.
# KERNEL: WARNING: NUMERIC_STD."=": metavalue detected, returning FALSE
# KERNEL: Time: 120 ns,  Iteration: 5,  Instance: /testbench/dut/mips1/dp/mainalu,  Process: line__29.
# KERNEL: WARNING: NUMERIC_STD.TO_INTEGER: metavalue detected, returning 0
# KERNEL: Time: 120 ns,  Iteration: 5,  Instance: /testbench/dut/dmem1,  Process: line__14.
# EXECUTION:: FAILURE: Simulation failed
# EXECUTION:: Time: 125 ns,  Iteration: 1,  Instance: /testbench,  Process: line__38.
# KERNEL: Stopped at time 125 ns + 1.
# 1 signal(s) traced.
endsim
# VSIM: Simulation has finished.
asim -O5 testbench test
# ELBREAD: Elaboration process.
# ELBREAD: Elaboration time 0.0 [s].
# VSIM: Stack memory: 32MB
# VSIM: Retval memory: 32MB
# 
# KERNEL: Main thread initiated.
# KERNEL: Kernel process initialization phase.
# KERNEL: Time resolution set to 1ps.
# ELAB2: Elaboration final pass...
# ELAB2: Create instances ...
# ELAB2: Create instances complete.
# SLP: Started
# SLP: Elaboration phase ...
# SLP: Elaboration phase ... skipped, nothing to simulate in SLP mode : 0.0 [s]
# SLP: Finished : 0.0 [s]
# ELAB2: Elaboration final pass complete - time: 0.1 [s].
# KERNEL: Warning: You are using the Active-HDL Student Edition. The performance of simulation is running at a reduced rate.
# KERNEL: Warning: Contact Aldec for available upgrade options - sales@aldec.com.
# KERNEL: Kernel process initialization done.
# Allocation: Simulator allocated 7249 kB (elbread=1280 elab2=5828 kernel=140 sdf=0)
# KERNEL: ASDB file was created in location C:\My_Designs\MIPS_projeto_2\MIPS_projeto\src\wave.asdb
#  23:13, domingo, 4 de novembro de 2018
#  Simulation has been initialized
# Waveform file 'C:/My_Designs/MIPS_projeto_2/MIPS_projeto/src/TesteInclusoes.awc' connected to 'C:/My_Designs/MIPS_projeto_2/MIPS_projeto/src/wave.asdb'.
run
# KERNEL: WARNING: NUMERIC_STD.TO_INTEGER: metavalue detected, returning 0
# KERNEL: Time: 0 ps,  Iteration: 0,  Instance: /testbench/dut/mips1/dp/rf,  Process: line__29.
# KERNEL: WARNING: NUMERIC_STD.TO_INTEGER: metavalue detected, returning 0
# KERNEL: Time: 0 ps,  Iteration: 0,  Instance: /testbench/dut/mips1/dp/rf,  Process: line__29.
# KERNEL: WARNING: NUMERIC_STD."=": metavalue detected, returning FALSE
# KERNEL: Time: 0 ps,  Iteration: 0,  Instance: /testbench/dut/mips1/dp/mainalu,  Process: line__29.
# KERNEL: WARNING: NUMERIC_STD.TO_INTEGER: metavalue detected, returning 0
# KERNEL: Time: 0 ps,  Iteration: 0,  Instance: /testbench/dut/imem1,  Process: line__13.
# KERNEL: WARNING: NUMERIC_STD.TO_INTEGER: metavalue detected, returning 0
# KERNEL: Time: 0 ps,  Iteration: 0,  Instance: /testbench/dut/dmem1,  Process: line__14.
# KERNEL: WARNING: NUMERIC_STD."=": metavalue detected, returning FALSE
# KERNEL: Time: 0 ps,  Iteration: 1,  Instance: /testbench/dut/mips1/dp/mainalu,  Process: line__29.
# KERNEL: WARNING: NUMERIC_STD.TO_INTEGER: metavalue detected, returning 0
# KERNEL: Time: 0 ps,  Iteration: 1,  Instance: /testbench/dut/dmem1,  Process: line__14.
# KERNEL: WARNING: NUMERIC_STD."=": metavalue detected, returning FALSE
# KERNEL: Time: 0 ps,  Iteration: 5,  Instance: /testbench/dut/mips1/dp/mainalu,  Process: line__29.
# KERNEL: WARNING: NUMERIC_STD.TO_INTEGER: metavalue detected, returning 0
# KERNEL: Time: 0 ps,  Iteration: 5,  Instance: /testbench/dut/dmem1,  Process: line__14.
# KERNEL: WARNING: NUMERIC_STD."=": metavalue detected, returning FALSE
# KERNEL: Time: 70 ns,  Iteration: 5,  Instance: /testbench/dut/mips1/dp/mainalu,  Process: line__29.
# KERNEL: WARNING: NUMERIC_STD.TO_INTEGER: metavalue detected, returning 0
# KERNEL: Time: 70 ns,  Iteration: 5,  Instance: /testbench/dut/dmem1,  Process: line__14.
# KERNEL: WARNING: NUMERIC_STD."=": metavalue detected, returning FALSE
# KERNEL: Time: 90 ns,  Iteration: 5,  Instance: /testbench/dut/mips1/dp/mainalu,  Process: line__29.
# KERNEL: WARNING: NUMERIC_STD.TO_INTEGER: metavalue detected, returning 0
# KERNEL: Time: 90 ns,  Iteration: 5,  Instance: /testbench/dut/dmem1,  Process: line__14.
# KERNEL: WARNING: NUMERIC_STD."=": metavalue detected, returning FALSE
# KERNEL: Time: 120 ns,  Iteration: 5,  Instance: /testbench/dut/mips1/dp/mainalu,  Process: line__29.
# KERNEL: WARNING: NUMERIC_STD.TO_INTEGER: metavalue detected, returning 0
# KERNEL: Time: 120 ns,  Iteration: 5,  Instance: /testbench/dut/dmem1,  Process: line__14.
# EXECUTION:: FAILURE: Simulation failed
# EXECUTION:: Time: 125 ns,  Iteration: 1,  Instance: /testbench,  Process: line__38.
# KERNEL: Stopped at time 125 ns + 1.
# 1 signal(s) traced.
endsim
# VSIM: Simulation has finished.
asim -O5 testbench test
# ELBREAD: Elaboration process.
# ELBREAD: Elaboration time 0.0 [s].
# VSIM: Stack memory: 32MB
# VSIM: Retval memory: 32MB
# 
# KERNEL: Main thread initiated.
# KERNEL: Kernel process initialization phase.
# KERNEL: Time resolution set to 1ps.
# ELAB2: Elaboration final pass...
# ELAB2: Create instances ...
# ELAB2: Create instances complete.
# SLP: Started
# SLP: Elaboration phase ...
# SLP: Elaboration phase ... skipped, nothing to simulate in SLP mode : 0.0 [s]
# SLP: Finished : 0.0 [s]
# ELAB2: Elaboration final pass complete - time: 0.0 [s].
# KERNEL: Warning: You are using the Active-HDL Student Edition. The performance of simulation is running at a reduced rate.
# KERNEL: Warning: Contact Aldec for available upgrade options - sales@aldec.com.
# KERNEL: Kernel process initialization done.
# Allocation: Simulator allocated 7249 kB (elbread=1280 elab2=5828 kernel=140 sdf=0)
# KERNEL: ASDB file was created in location C:\My_Designs\MIPS_projeto_2\MIPS_projeto\src\wave.asdb
#  23:14, domingo, 4 de novembro de 2018
#  Simulation has been initialized
# Waveform file 'C:/My_Designs/MIPS_projeto_2/MIPS_projeto/src/TesteInclusoes.awc' connected to 'C:/My_Designs/MIPS_projeto_2/MIPS_projeto/src/wave.asdb'.
run @150
# KERNEL: WARNING: NUMERIC_STD.TO_INTEGER: metavalue detected, returning 0
# KERNEL: Time: 0 ps,  Iteration: 0,  Instance: /testbench/dut/mips1/dp/rf,  Process: line__29.
# KERNEL: WARNING: NUMERIC_STD.TO_INTEGER: metavalue detected, returning 0
# KERNEL: Time: 0 ps,  Iteration: 0,  Instance: /testbench/dut/mips1/dp/rf,  Process: line__29.
# KERNEL: WARNING: NUMERIC_STD."=": metavalue detected, returning FALSE
# KERNEL: Time: 0 ps,  Iteration: 0,  Instance: /testbench/dut/mips1/dp/mainalu,  Process: line__29.
# KERNEL: WARNING: NUMERIC_STD.TO_INTEGER: metavalue detected, returning 0
# KERNEL: Time: 0 ps,  Iteration: 0,  Instance: /testbench/dut/imem1,  Process: line__13.
# KERNEL: WARNING: NUMERIC_STD.TO_INTEGER: metavalue detected, returning 0
# KERNEL: Time: 0 ps,  Iteration: 0,  Instance: /testbench/dut/dmem1,  Process: line__14.
# KERNEL: WARNING: NUMERIC_STD."=": metavalue detected, returning FALSE
# KERNEL: Time: 0 ps,  Iteration: 1,  Instance: /testbench/dut/mips1/dp/mainalu,  Process: line__29.
# KERNEL: WARNING: NUMERIC_STD.TO_INTEGER: metavalue detected, returning 0
# KERNEL: Time: 0 ps,  Iteration: 1,  Instance: /testbench/dut/dmem1,  Process: line__14.
# KERNEL: WARNING: NUMERIC_STD."=": metavalue detected, returning FALSE
# KERNEL: Time: 0 ps,  Iteration: 5,  Instance: /testbench/dut/mips1/dp/mainalu,  Process: line__29.
# KERNEL: WARNING: NUMERIC_STD.TO_INTEGER: metavalue detected, returning 0
# KERNEL: Time: 0 ps,  Iteration: 5,  Instance: /testbench/dut/dmem1,  Process: line__14.
# KERNEL: stopped at time: 150 ps
endsim
# VSIM: Simulation has finished.
asim -O5 testbench test
# ELBREAD: Elaboration process.
# ELBREAD: Elaboration time 0.0 [s].
# VSIM: Stack memory: 32MB
# VSIM: Retval memory: 32MB
# 
# KERNEL: Main thread initiated.
# KERNEL: Kernel process initialization phase.
# KERNEL: Time resolution set to 1ps.
# ELAB2: Elaboration final pass...
# ELAB2: Create instances ...
# ELAB2: Create instances complete.
# SLP: Started
# SLP: Elaboration phase ...
# SLP: Elaboration phase ... skipped, nothing to simulate in SLP mode : 0.0 [s]
# SLP: Finished : 0.0 [s]
# ELAB2: Elaboration final pass complete - time: 0.0 [s].
# KERNEL: Warning: You are using the Active-HDL Student Edition. The performance of simulation is running at a reduced rate.
# KERNEL: Warning: Contact Aldec for available upgrade options - sales@aldec.com.
# KERNEL: Kernel process initialization done.
# Allocation: Simulator allocated 7249 kB (elbread=1280 elab2=5828 kernel=140 sdf=0)
# KERNEL: ASDB file was created in location C:\My_Designs\MIPS_projeto_2\MIPS_projeto\src\wave.asdb
#  23:14, domingo, 4 de novembro de 2018
#  Simulation has been initialized
# Waveform file 'C:/My_Designs/MIPS_projeto_2/MIPS_projeto/src/TesteInclusoes.awc' connected to 'C:/My_Designs/MIPS_projeto_2/MIPS_projeto/src/wave.asdb'.
run @150ns
# KERNEL: WARNING: NUMERIC_STD.TO_INTEGER: metavalue detected, returning 0
# KERNEL: Time: 0 ps,  Iteration: 0,  Instance: /testbench/dut/mips1/dp/rf,  Process: line__29.
# KERNEL: WARNING: NUMERIC_STD.TO_INTEGER: metavalue detected, returning 0
# KERNEL: Time: 0 ps,  Iteration: 0,  Instance: /testbench/dut/mips1/dp/rf,  Process: line__29.
# KERNEL: WARNING: NUMERIC_STD."=": metavalue detected, returning FALSE
# KERNEL: Time: 0 ps,  Iteration: 0,  Instance: /testbench/dut/mips1/dp/mainalu,  Process: line__29.
# KERNEL: WARNING: NUMERIC_STD.TO_INTEGER: metavalue detected, returning 0
# KERNEL: Time: 0 ps,  Iteration: 0,  Instance: /testbench/dut/imem1,  Process: line__13.
# KERNEL: WARNING: NUMERIC_STD.TO_INTEGER: metavalue detected, returning 0
# KERNEL: Time: 0 ps,  Iteration: 0,  Instance: /testbench/dut/dmem1,  Process: line__14.
# KERNEL: WARNING: NUMERIC_STD."=": metavalue detected, returning FALSE
# KERNEL: Time: 0 ps,  Iteration: 1,  Instance: /testbench/dut/mips1/dp/mainalu,  Process: line__29.
# KERNEL: WARNING: NUMERIC_STD.TO_INTEGER: metavalue detected, returning 0
# KERNEL: Time: 0 ps,  Iteration: 1,  Instance: /testbench/dut/dmem1,  Process: line__14.
# KERNEL: WARNING: NUMERIC_STD."=": metavalue detected, returning FALSE
# KERNEL: Time: 0 ps,  Iteration: 5,  Instance: /testbench/dut/mips1/dp/mainalu,  Process: line__29.
# KERNEL: WARNING: NUMERIC_STD.TO_INTEGER: metavalue detected, returning 0
# KERNEL: Time: 0 ps,  Iteration: 5,  Instance: /testbench/dut/dmem1,  Process: line__14.
# KERNEL: WARNING: NUMERIC_STD."=": metavalue detected, returning FALSE
# KERNEL: Time: 70 ns,  Iteration: 5,  Instance: /testbench/dut/mips1/dp/mainalu,  Process: line__29.
# KERNEL: WARNING: NUMERIC_STD.TO_INTEGER: metavalue detected, returning 0
# KERNEL: Time: 70 ns,  Iteration: 5,  Instance: /testbench/dut/dmem1,  Process: line__14.
# KERNEL: WARNING: NUMERIC_STD."=": metavalue detected, returning FALSE
# KERNEL: Time: 90 ns,  Iteration: 5,  Instance: /testbench/dut/mips1/dp/mainalu,  Process: line__29.
# KERNEL: WARNING: NUMERIC_STD.TO_INTEGER: metavalue detected, returning 0
# KERNEL: Time: 90 ns,  Iteration: 5,  Instance: /testbench/dut/dmem1,  Process: line__14.
# KERNEL: WARNING: NUMERIC_STD."=": metavalue detected, returning FALSE
# KERNEL: Time: 120 ns,  Iteration: 5,  Instance: /testbench/dut/mips1/dp/mainalu,  Process: line__29.
# KERNEL: WARNING: NUMERIC_STD.TO_INTEGER: metavalue detected, returning 0
# KERNEL: Time: 120 ns,  Iteration: 5,  Instance: /testbench/dut/dmem1,  Process: line__14.
# EXECUTION:: FAILURE: Simulation failed
# EXECUTION:: Time: 125 ns,  Iteration: 1,  Instance: /testbench,  Process: line__38.
# KERNEL: Stopped at time 125 ns + 1.
# 1 signal(s) traced.
endsim
# VSIM: Simulation has finished.
asim -O5 testbench test
# ELBREAD: Elaboration process.
# ELBREAD: Elaboration time 0.0 [s].
# VSIM: Stack memory: 32MB
# VSIM: Retval memory: 32MB
# 
# KERNEL: Main thread initiated.
# KERNEL: Kernel process initialization phase.
# KERNEL: Time resolution set to 1ps.
# ELAB2: Elaboration final pass...
# ELAB2: Create instances ...
# ELAB2: Create instances complete.
# SLP: Started
# SLP: Elaboration phase ...
# SLP: Elaboration phase ... skipped, nothing to simulate in SLP mode : 0.0 [s]
# SLP: Finished : 0.0 [s]
# ELAB2: Elaboration final pass complete - time: 0.0 [s].
# KERNEL: Warning: You are using the Active-HDL Student Edition. The performance of simulation is running at a reduced rate.
# KERNEL: Warning: Contact Aldec for available upgrade options - sales@aldec.com.
# KERNEL: Kernel process initialization done.
# Allocation: Simulator allocated 7249 kB (elbread=1280 elab2=5828 kernel=140 sdf=0)
# KERNEL: ASDB file was created in location C:\My_Designs\MIPS_projeto_2\MIPS_projeto\src\wave.asdb
#  23:15, domingo, 4 de novembro de 2018
#  Simulation has been initialized
# Waveform file 'C:/My_Designs/MIPS_projeto_2/MIPS_projeto/src/TesteInclusoes.awc' connected to 'C:/My_Designs/MIPS_projeto_2/MIPS_projeto/src/wave.asdb'.
run @150ns
# KERNEL: WARNING: NUMERIC_STD.TO_INTEGER: metavalue detected, returning 0
# KERNEL: Time: 0 ps,  Iteration: 0,  Instance: /testbench/dut/mips1/dp/rf,  Process: line__29.
# KERNEL: WARNING: NUMERIC_STD.TO_INTEGER: metavalue detected, returning 0
# KERNEL: Time: 0 ps,  Iteration: 0,  Instance: /testbench/dut/mips1/dp/rf,  Process: line__29.
# KERNEL: WARNING: NUMERIC_STD."=": metavalue detected, returning FALSE
# KERNEL: Time: 0 ps,  Iteration: 0,  Instance: /testbench/dut/mips1/dp/mainalu,  Process: line__29.
# KERNEL: WARNING: NUMERIC_STD.TO_INTEGER: metavalue detected, returning 0
# KERNEL: Time: 0 ps,  Iteration: 0,  Instance: /testbench/dut/imem1,  Process: line__13.
# KERNEL: WARNING: NUMERIC_STD.TO_INTEGER: metavalue detected, returning 0
# KERNEL: Time: 0 ps,  Iteration: 0,  Instance: /testbench/dut/dmem1,  Process: line__14.
# KERNEL: WARNING: NUMERIC_STD."=": metavalue detected, returning FALSE
# KERNEL: Time: 0 ps,  Iteration: 1,  Instance: /testbench/dut/mips1/dp/mainalu,  Process: line__29.
# KERNEL: WARNING: NUMERIC_STD.TO_INTEGER: metavalue detected, returning 0
# KERNEL: Time: 0 ps,  Iteration: 1,  Instance: /testbench/dut/dmem1,  Process: line__14.
# KERNEL: WARNING: NUMERIC_STD."=": metavalue detected, returning FALSE
# KERNEL: Time: 0 ps,  Iteration: 5,  Instance: /testbench/dut/mips1/dp/mainalu,  Process: line__29.
# KERNEL: WARNING: NUMERIC_STD.TO_INTEGER: metavalue detected, returning 0
# KERNEL: Time: 0 ps,  Iteration: 5,  Instance: /testbench/dut/dmem1,  Process: line__14.
# KERNEL: WARNING: NUMERIC_STD."=": metavalue detected, returning FALSE
# KERNEL: Time: 70 ns,  Iteration: 5,  Instance: /testbench/dut/mips1/dp/mainalu,  Process: line__29.
# KERNEL: WARNING: NUMERIC_STD.TO_INTEGER: metavalue detected, returning 0
# KERNEL: Time: 70 ns,  Iteration: 5,  Instance: /testbench/dut/dmem1,  Process: line__14.
# KERNEL: WARNING: NUMERIC_STD."=": metavalue detected, returning FALSE
# KERNEL: Time: 90 ns,  Iteration: 5,  Instance: /testbench/dut/mips1/dp/mainalu,  Process: line__29.
# KERNEL: WARNING: NUMERIC_STD.TO_INTEGER: metavalue detected, returning 0
# KERNEL: Time: 90 ns,  Iteration: 5,  Instance: /testbench/dut/dmem1,  Process: line__14.
# KERNEL: WARNING: NUMERIC_STD."=": metavalue detected, returning FALSE
# KERNEL: Time: 120 ns,  Iteration: 5,  Instance: /testbench/dut/mips1/dp/mainalu,  Process: line__29.
# KERNEL: WARNING: NUMERIC_STD.TO_INTEGER: metavalue detected, returning 0
# KERNEL: Time: 120 ns,  Iteration: 5,  Instance: /testbench/dut/dmem1,  Process: line__14.
# EXECUTION:: FAILURE: Simulation failed
# EXECUTION:: Time: 125 ns,  Iteration: 1,  Instance: /testbench,  Process: line__38.
# KERNEL: Stopped at time 125 ns + 1.
acom -reorder -O3 -e 100 -work mips_projeto -2008  $dsn/src/imem.vhd $dsn/src/mux2.vhd $dsn/src/signext.vhd $dsn/src/sl2.vhd $dsn/src/regfile.vhd $dsn/src/maindec.vhd $dsn/src/dmem.vhd $dsn/src/flopr.vhd $dsn/src/alu.vhd $dsn/src/aludec.vhd $dsn/src/adder.vhd $dsn/src/datapath.vhd $dsn/src/controller.vhd $dsn/src/mips.vhd $dsn/src/top.vhd $dsn/src/testbench.vhd
# Warning: DAGGEN_0523: The source is compiled without the -dbg switch. Line breakpoints and assertion debug will not be available.
# File: C:\My_Designs\MIPS_projeto_2\MIPS_projeto\src\imem.vhd
# Compile Entity "imem"
# Compile Architecture "behave" of Entity "imem"
# File: C:\My_Designs\MIPS_projeto_2\MIPS_projeto\src\mux2.vhd
# Compile Entity "mux2"
# Compile Architecture "behave" of Entity "mux2"
# File: C:\My_Designs\MIPS_projeto_2\MIPS_projeto\src\signext.vhd
# Compile Entity "signext"
# Compile Architecture "behave" of Entity "signext"
# File: C:\My_Designs\MIPS_projeto_2\MIPS_projeto\src\sl2.vhd
# Compile Entity "sl2"
# Compile Architecture "behave" of Entity "sl2"
# File: C:\My_Designs\MIPS_projeto_2\MIPS_projeto\src\regfile.vhd
# Compile Entity "regfile"
# Compile Architecture "behave" of Entity "regfile"
# File: C:\My_Designs\MIPS_projeto_2\MIPS_projeto\src\maindec.vhd
# Compile Entity "maindec"
# Compile Architecture "behave" of Entity "maindec"
# File: C:\My_Designs\MIPS_projeto_2\MIPS_projeto\src\dmem.vhd
# Compile Entity "dmem"
# Compile Architecture "behave" of Entity "dmem"
# File: C:\My_Designs\MIPS_projeto_2\MIPS_projeto\src\flopr.vhd
# Compile Entity "flopr"
# Compile Architecture "asynchronous" of Entity "flopr"
# File: C:\My_Designs\MIPS_projeto_2\MIPS_projeto\src\alu.vhd
# Compile Entity "alu"
# Compile Architecture "behave" of Entity "alu"
# File: C:\My_Designs\MIPS_projeto_2\MIPS_projeto\src\aludec.vhd
# Compile Entity "aludec"
# Compile Architecture "behave" of Entity "aludec"
# File: C:\My_Designs\MIPS_projeto_2\MIPS_projeto\src\adder.vhd
# Compile Entity "adder"
# Compile Architecture "behave" of Entity "adder"
# File: C:\My_Designs\MIPS_projeto_2\MIPS_projeto\src\datapath.vhd
# Compile Entity "datapath"
# Compile Architecture "struct" of Entity "datapath"
# File: C:\My_Designs\MIPS_projeto_2\MIPS_projeto\src\controller.vhd
# Compile Entity "controller"
# Compile Architecture "struct" of Entity "controller"
# File: C:\My_Designs\MIPS_projeto_2\MIPS_projeto\src\mips.vhd
# Compile Entity "mips"
# Compile Architecture "struct" of Entity "mips"
# File: C:\My_Designs\MIPS_projeto_2\MIPS_projeto\src\top.vhd
# Compile Entity "top"
# Compile Architecture "test" of Entity "top"
# File: C:\My_Designs\MIPS_projeto_2\MIPS_projeto\src\testbench.vhd
# Compile Entity "testbench"
# Compile Architecture "test" of Entity "testbench"
# Top-level unit(s) detected:
# Entity => testbench
# Compile success 0 Errors 0 Warnings  Analysis time :  0.2 [s]
endsim
# VSIM: Simulation has finished.
asim -O5 testbench test
# ELBREAD: Elaboration process.
# ELBREAD: Elaboration time 0.0 [s].
# VSIM: Stack memory: 32MB
# VSIM: Retval memory: 32MB
# 
# KERNEL: Main thread initiated.
# KERNEL: Kernel process initialization phase.
# KERNEL: Time resolution set to 1ps.
# ELAB2: Elaboration final pass...
# ELAB2: Create instances ...
# ELAB2: Create instances complete.
# SLP: Started
# SLP: Elaboration phase ...
# SLP: Elaboration phase ... skipped, nothing to simulate in SLP mode : 0.0 [s]
# SLP: Finished : 0.0 [s]
# ELAB2: Elaboration final pass complete - time: 0.0 [s].
# KERNEL: Warning: You are using the Active-HDL Student Edition. The performance of simulation is running at a reduced rate.
# KERNEL: Warning: Contact Aldec for available upgrade options - sales@aldec.com.
# KERNEL: Kernel process initialization done.
# Allocation: Simulator allocated 7249 kB (elbread=1280 elab2=5828 kernel=140 sdf=0)
# KERNEL: ASDB file was created in location C:\My_Designs\MIPS_projeto_2\MIPS_projeto\src\wave.asdb
#  23:20, domingo, 4 de novembro de 2018
#  Simulation has been initialized
# Waveform file 'C:/My_Designs/MIPS_projeto_2/MIPS_projeto/src/TesteInclusoes.awc' connected to 'C:/My_Designs/MIPS_projeto_2/MIPS_projeto/src/wave.asdb'.
run @150ns
# KERNEL: WARNING: NUMERIC_STD.TO_INTEGER: metavalue detected, returning 0
# KERNEL: Time: 0 ps,  Iteration: 0,  Instance: /testbench/dut/mips1/dp/rf,  Process: line__29.
# KERNEL: WARNING: NUMERIC_STD.TO_INTEGER: metavalue detected, returning 0
# KERNEL: Time: 0 ps,  Iteration: 0,  Instance: /testbench/dut/mips1/dp/rf,  Process: line__29.
# KERNEL: WARNING: NUMERIC_STD."=": metavalue detected, returning FALSE
# KERNEL: Time: 0 ps,  Iteration: 0,  Instance: /testbench/dut/mips1/dp/mainalu,  Process: line__29.
# KERNEL: WARNING: NUMERIC_STD.TO_INTEGER: metavalue detected, returning 0
# KERNEL: Time: 0 ps,  Iteration: 0,  Instance: /testbench/dut/imem1,  Process: line__13.
# KERNEL: WARNING: NUMERIC_STD.TO_INTEGER: metavalue detected, returning 0
# KERNEL: Time: 0 ps,  Iteration: 0,  Instance: /testbench/dut/dmem1,  Process: line__14.
# KERNEL: WARNING: NUMERIC_STD."=": metavalue detected, returning FALSE
# KERNEL: Time: 0 ps,  Iteration: 1,  Instance: /testbench/dut/mips1/dp/mainalu,  Process: line__29.
# KERNEL: WARNING: NUMERIC_STD.TO_INTEGER: metavalue detected, returning 0
# KERNEL: Time: 0 ps,  Iteration: 1,  Instance: /testbench/dut/dmem1,  Process: line__14.
# KERNEL: WARNING: NUMERIC_STD."=": metavalue detected, returning FALSE
# KERNEL: Time: 0 ps,  Iteration: 5,  Instance: /testbench/dut/mips1/dp/mainalu,  Process: line__29.
# KERNEL: WARNING: NUMERIC_STD.TO_INTEGER: metavalue detected, returning 0
# KERNEL: Time: 0 ps,  Iteration: 5,  Instance: /testbench/dut/dmem1,  Process: line__14.
# KERNEL: WARNING: NUMERIC_STD."=": metavalue detected, returning FALSE
# KERNEL: Time: 70 ns,  Iteration: 5,  Instance: /testbench/dut/mips1/dp/mainalu,  Process: line__29.
# KERNEL: WARNING: NUMERIC_STD.TO_INTEGER: metavalue detected, returning 0
# KERNEL: Time: 70 ns,  Iteration: 5,  Instance: /testbench/dut/dmem1,  Process: line__14.
# KERNEL: WARNING: NUMERIC_STD."=": metavalue detected, returning FALSE
# KERNEL: Time: 90 ns,  Iteration: 5,  Instance: /testbench/dut/mips1/dp/mainalu,  Process: line__29.
# KERNEL: WARNING: NUMERIC_STD.TO_INTEGER: metavalue detected, returning 0
# KERNEL: Time: 90 ns,  Iteration: 5,  Instance: /testbench/dut/dmem1,  Process: line__14.
# KERNEL: WARNING: NUMERIC_STD."=": metavalue detected, returning FALSE
# KERNEL: Time: 120 ns,  Iteration: 5,  Instance: /testbench/dut/mips1/dp/mainalu,  Process: line__29.
# KERNEL: WARNING: NUMERIC_STD.TO_INTEGER: metavalue detected, returning 0
# KERNEL: Time: 120 ns,  Iteration: 5,  Instance: /testbench/dut/dmem1,  Process: line__14.
# EXECUTION:: FAILURE: NO ERRORS: Simulation succeeded
# EXECUTION:: Time: 125 ns,  Iteration: 1,  Instance: /testbench,  Process: line__38.
# KERNEL: Stopped at time 125 ns + 1.
# 1 signal(s) traced.
# 1 signal(s) traced.
endsim
# VSIM: Simulation has finished.
asim -O5 testbench test
# ELBREAD: Elaboration process.
# ELBREAD: Elaboration time 0.0 [s].
# VSIM: Stack memory: 32MB
# VSIM: Retval memory: 32MB
# 
# KERNEL: Main thread initiated.
# KERNEL: Kernel process initialization phase.
# KERNEL: Time resolution set to 1ps.
# ELAB2: Elaboration final pass...
# ELAB2: Create instances ...
# ELAB2: Create instances complete.
# SLP: Started
# SLP: Elaboration phase ...
# SLP: Elaboration phase ... skipped, nothing to simulate in SLP mode : 0.0 [s]
# SLP: Finished : 0.0 [s]
# ELAB2: Elaboration final pass complete - time: 0.0 [s].
# KERNEL: Warning: You are using the Active-HDL Student Edition. The performance of simulation is running at a reduced rate.
# KERNEL: Warning: Contact Aldec for available upgrade options - sales@aldec.com.
# KERNEL: Kernel process initialization done.
# Allocation: Simulator allocated 7249 kB (elbread=1280 elab2=5828 kernel=140 sdf=0)
# KERNEL: ASDB file was created in location C:\My_Designs\MIPS_projeto_2\MIPS_projeto\src\wave.asdb
#  23:21, domingo, 4 de novembro de 2018
#  Simulation has been initialized
# Waveform file 'C:/My_Designs/MIPS_projeto_2/MIPS_projeto/src/TesteInclusoes.awc' connected to 'C:/My_Designs/MIPS_projeto_2/MIPS_projeto/src/wave.asdb'.
run @150ns
# KERNEL: WARNING: NUMERIC_STD.TO_INTEGER: metavalue detected, returning 0
# KERNEL: Time: 0 ps,  Iteration: 0,  Instance: /testbench/dut/mips1/dp/rf,  Process: line__29.
# KERNEL: WARNING: NUMERIC_STD.TO_INTEGER: metavalue detected, returning 0
# KERNEL: Time: 0 ps,  Iteration: 0,  Instance: /testbench/dut/mips1/dp/rf,  Process: line__29.
# KERNEL: WARNING: NUMERIC_STD."=": metavalue detected, returning FALSE
# KERNEL: Time: 0 ps,  Iteration: 0,  Instance: /testbench/dut/mips1/dp/mainalu,  Process: line__29.
# KERNEL: WARNING: NUMERIC_STD.TO_INTEGER: metavalue detected, returning 0
# KERNEL: Time: 0 ps,  Iteration: 0,  Instance: /testbench/dut/imem1,  Process: line__13.
# KERNEL: WARNING: NUMERIC_STD.TO_INTEGER: metavalue detected, returning 0
# KERNEL: Time: 0 ps,  Iteration: 0,  Instance: /testbench/dut/dmem1,  Process: line__14.
# KERNEL: WARNING: NUMERIC_STD."=": metavalue detected, returning FALSE
# KERNEL: Time: 0 ps,  Iteration: 1,  Instance: /testbench/dut/mips1/dp/mainalu,  Process: line__29.
# KERNEL: WARNING: NUMERIC_STD.TO_INTEGER: metavalue detected, returning 0
# KERNEL: Time: 0 ps,  Iteration: 1,  Instance: /testbench/dut/dmem1,  Process: line__14.
# KERNEL: WARNING: NUMERIC_STD."=": metavalue detected, returning FALSE
# KERNEL: Time: 0 ps,  Iteration: 5,  Instance: /testbench/dut/mips1/dp/mainalu,  Process: line__29.
# KERNEL: WARNING: NUMERIC_STD.TO_INTEGER: metavalue detected, returning 0
# KERNEL: Time: 0 ps,  Iteration: 5,  Instance: /testbench/dut/dmem1,  Process: line__14.
# KERNEL: WARNING: NUMERIC_STD."=": metavalue detected, returning FALSE
# KERNEL: Time: 70 ns,  Iteration: 5,  Instance: /testbench/dut/mips1/dp/mainalu,  Process: line__29.
# KERNEL: WARNING: NUMERIC_STD.TO_INTEGER: metavalue detected, returning 0
# KERNEL: Time: 70 ns,  Iteration: 5,  Instance: /testbench/dut/dmem1,  Process: line__14.
# KERNEL: WARNING: NUMERIC_STD."=": metavalue detected, returning FALSE
# KERNEL: Time: 90 ns,  Iteration: 5,  Instance: /testbench/dut/mips1/dp/mainalu,  Process: line__29.
# KERNEL: WARNING: NUMERIC_STD.TO_INTEGER: metavalue detected, returning 0
# KERNEL: Time: 90 ns,  Iteration: 5,  Instance: /testbench/dut/dmem1,  Process: line__14.
# KERNEL: WARNING: NUMERIC_STD."=": metavalue detected, returning FALSE
# KERNEL: Time: 120 ns,  Iteration: 5,  Instance: /testbench/dut/mips1/dp/mainalu,  Process: line__29.
# KERNEL: WARNING: NUMERIC_STD.TO_INTEGER: metavalue detected, returning 0
# KERNEL: Time: 120 ns,  Iteration: 5,  Instance: /testbench/dut/dmem1,  Process: line__14.
# EXECUTION:: FAILURE: NO ERRORS: Simulation succeeded
# EXECUTION:: Time: 125 ns,  Iteration: 1,  Instance: /testbench,  Process: line__38.
# KERNEL: Stopped at time 125 ns + 1.
# Adding file C:\My_Designs\MIPS_projeto_2\MIPS_projeto\src\TesteInclusoes.awc ... Done
