# ELBREAD: Elaboration process.
# ELBREAD: Elaboration time 0.0 [s].
# Waveform file 'C:/Users/renan/Documents/FPGA/MIPS_projeto/MIPS_fowarding/MIPS_projeto/src/TestbenchSimulation.awc' connected to 'C:/Users/renan/Documents/FPGA/MIPS_projeto/MIPS_fowarding/MIPS_projeto/src/wave.asdb'.
acom -reorder -O3 -e 100 -work MIPS_projeto -2008  $dsn/src/maindec.vhd $dsn/src/registrador_n.vhd $dsn/src/sl2.vhd $dsn/src/signext.vhd $dsn/src/regfile.vhd $dsn/src/registrador_1.vhd $dsn/src/mux2.vhd $dsn/src/dmem.vhd $dsn/src/hazarddemuc.vhd $dsn/src/imem.vhd $dsn/src/fowardingdemuc.vhd $dsn/src/alu.vhd $dsn/src/aludec.vhd $dsn/src/adder.vhd $dsn/src/datapath.vhd $dsn/src/controller.vhd $dsn/src/mips.vhd $dsn/src/top.vhd $dsn/src/testbench.vhd
# Warning: DAGGEN_0523: The source is compiled without the -dbg switch. Line breakpoints and assertion debug will not be available.
# File: C:\Users\renan\Documents\FPGA\MIPS_projeto\MIPS_fowarding\MIPS_projeto\src\maindec.vhd
# Compile Entity "maindec"
# Compile Architecture "behave" of Entity "maindec"
# File: C:\Users\renan\Documents\FPGA\MIPS_projeto\MIPS_fowarding\MIPS_projeto\src\registrador_n.vhd
# Compile Entity "registrador_n"
# Compile Architecture "registrador_n" of Entity "registrador_n"
# File: C:\Users\renan\Documents\FPGA\MIPS_projeto\MIPS_fowarding\MIPS_projeto\src\sl2.vhd
# Compile Entity "sl2"
# Compile Architecture "behave" of Entity "sl2"
# File: C:\Users\renan\Documents\FPGA\MIPS_projeto\MIPS_fowarding\MIPS_projeto\src\signext.vhd
# Compile Entity "signext"
# Compile Architecture "behave" of Entity "signext"
# File: C:\Users\renan\Documents\FPGA\MIPS_projeto\MIPS_fowarding\MIPS_projeto\src\regfile.vhd
# Compile Entity "regfile"
# Compile Architecture "behave" of Entity "regfile"
# File: C:\Users\renan\Documents\FPGA\MIPS_projeto\MIPS_fowarding\MIPS_projeto\src\registrador_1.vhd
# Compile Entity "registrador_1"
# Compile Architecture "registrador_1" of Entity "registrador_1"
# File: C:\Users\renan\Documents\FPGA\MIPS_projeto\MIPS_fowarding\MIPS_projeto\src\mux2.vhd
# Compile Entity "mux2"
# Compile Architecture "behave" of Entity "mux2"
# File: C:\Users\renan\Documents\FPGA\MIPS_projeto\MIPS_fowarding\MIPS_projeto\src\dmem.vhd
# Compile Entity "dmem"
# Compile Architecture "behave" of Entity "dmem"
# File: C:\Users\renan\Documents\FPGA\MIPS_projeto\MIPS_fowarding\MIPS_projeto\src\hazarddemuc.vhd
# Compile Entity "hazarddemuc"
# Compile Architecture "hazarddemuc_arc" of Entity "hazarddemuc"
# File: C:\Users\renan\Documents\FPGA\MIPS_projeto\MIPS_fowarding\MIPS_projeto\src\imem.vhd
# Compile Entity "imem"
# Compile Architecture "behave" of Entity "imem"
# File: C:\Users\renan\Documents\FPGA\MIPS_projeto\MIPS_fowarding\MIPS_projeto\src\fowardingdemuc.vhd
# Compile Entity "fowardingdemuc"
# Compile Architecture "fowardingdemuc_arc" of Entity "fowardingdemuc"
# File: C:\Users\renan\Documents\FPGA\MIPS_projeto\MIPS_fowarding\MIPS_projeto\src\alu.vhd
# Compile Entity "alu"
# Compile Architecture "behave" of Entity "alu"
# File: C:\Users\renan\Documents\FPGA\MIPS_projeto\MIPS_fowarding\MIPS_projeto\src\aludec.vhd
# Compile Entity "aludec"
# Compile Architecture "behave" of Entity "aludec"
# File: C:\Users\renan\Documents\FPGA\MIPS_projeto\MIPS_fowarding\MIPS_projeto\src\adder.vhd
# Compile Entity "adder"
# Compile Architecture "behave" of Entity "adder"
# File: C:\Users\renan\Documents\FPGA\MIPS_projeto\MIPS_fowarding\MIPS_projeto\src\datapath.vhd
# Compile Entity "datapath"
# Compile Architecture "struct" of Entity "datapath"
# File: C:\Users\renan\Documents\FPGA\MIPS_projeto\MIPS_fowarding\MIPS_projeto\src\controller.vhd
# Compile Entity "controller"
# Compile Architecture "struct" of Entity "controller"
# File: C:\Users\renan\Documents\FPGA\MIPS_projeto\MIPS_fowarding\MIPS_projeto\src\mips.vhd
# Compile Entity "mips"
# Compile Architecture "struct" of Entity "mips"
# File: C:\Users\renan\Documents\FPGA\MIPS_projeto\MIPS_fowarding\MIPS_projeto\src\top.vhd
# Compile Entity "top"
# Compile Architecture "test" of Entity "top"
# File: C:\Users\renan\Documents\FPGA\MIPS_projeto\MIPS_fowarding\MIPS_projeto\src\testbench.vhd
# Compile Entity "testbench"
# Compile Architecture "test" of Entity "testbench"
# Top-level unit(s) detected:
# Entity => testbench
# Compile success 0 Errors 0 Warnings  Analysis time :  0.2 [s]
acom -reorder -O3 -e 100 -work MIPS_projeto -2008  $dsn/src/maindec.vhd $dsn/src/registrador_n.vhd $dsn/src/sl2.vhd $dsn/src/signext.vhd $dsn/src/regfile.vhd $dsn/src/registrador_1.vhd $dsn/src/mux2.vhd $dsn/src/dmem.vhd $dsn/src/hazarddemuc.vhd $dsn/src/imem.vhd $dsn/src/fowardingdemuc.vhd $dsn/src/alu.vhd $dsn/src/aludec.vhd $dsn/src/adder.vhd $dsn/src/datapath.vhd $dsn/src/controller.vhd $dsn/src/mips.vhd $dsn/src/top.vhd $dsn/src/testbench.vhd
# Warning: DAGGEN_0523: The source is compiled without the -dbg switch. Line breakpoints and assertion debug will not be available.
# File: C:\Users\renan\Documents\FPGA\MIPS_projeto\MIPS_fowarding\MIPS_projeto\src\maindec.vhd
# Compile Entity "maindec"
# Compile Architecture "behave" of Entity "maindec"
# File: C:\Users\renan\Documents\FPGA\MIPS_projeto\MIPS_fowarding\MIPS_projeto\src\registrador_n.vhd
# Compile Entity "registrador_n"
# Compile Architecture "registrador_n" of Entity "registrador_n"
# File: C:\Users\renan\Documents\FPGA\MIPS_projeto\MIPS_fowarding\MIPS_projeto\src\sl2.vhd
# Compile Entity "sl2"
# Compile Architecture "behave" of Entity "sl2"
# File: C:\Users\renan\Documents\FPGA\MIPS_projeto\MIPS_fowarding\MIPS_projeto\src\signext.vhd
# Compile Entity "signext"
# Compile Architecture "behave" of Entity "signext"
# File: C:\Users\renan\Documents\FPGA\MIPS_projeto\MIPS_fowarding\MIPS_projeto\src\regfile.vhd
# Compile Entity "regfile"
# Compile Architecture "behave" of Entity "regfile"
# File: C:\Users\renan\Documents\FPGA\MIPS_projeto\MIPS_fowarding\MIPS_projeto\src\registrador_1.vhd
# Compile Entity "registrador_1"
# Compile Architecture "registrador_1" of Entity "registrador_1"
# File: C:\Users\renan\Documents\FPGA\MIPS_projeto\MIPS_fowarding\MIPS_projeto\src\mux2.vhd
# Compile Entity "mux2"
# Compile Architecture "behave" of Entity "mux2"
# File: C:\Users\renan\Documents\FPGA\MIPS_projeto\MIPS_fowarding\MIPS_projeto\src\dmem.vhd
# Compile Entity "dmem"
# Compile Architecture "behave" of Entity "dmem"
# File: C:\Users\renan\Documents\FPGA\MIPS_projeto\MIPS_fowarding\MIPS_projeto\src\hazarddemuc.vhd
# Compile Entity "hazarddemuc"
# Compile Architecture "hazarddemuc_arc" of Entity "hazarddemuc"
# File: C:\Users\renan\Documents\FPGA\MIPS_projeto\MIPS_fowarding\MIPS_projeto\src\imem.vhd
# Compile Entity "imem"
# Compile Architecture "behave" of Entity "imem"
# File: C:\Users\renan\Documents\FPGA\MIPS_projeto\MIPS_fowarding\MIPS_projeto\src\fowardingdemuc.vhd
# Compile Entity "fowardingdemuc"
# Compile Architecture "fowardingdemuc_arc" of Entity "fowardingdemuc"
# File: C:\Users\renan\Documents\FPGA\MIPS_projeto\MIPS_fowarding\MIPS_projeto\src\alu.vhd
# Compile Entity "alu"
# Compile Architecture "behave" of Entity "alu"
# File: C:\Users\renan\Documents\FPGA\MIPS_projeto\MIPS_fowarding\MIPS_projeto\src\aludec.vhd
# Compile Entity "aludec"
# Compile Architecture "behave" of Entity "aludec"
# File: C:\Users\renan\Documents\FPGA\MIPS_projeto\MIPS_fowarding\MIPS_projeto\src\adder.vhd
# Compile Entity "adder"
# Compile Architecture "behave" of Entity "adder"
# File: C:\Users\renan\Documents\FPGA\MIPS_projeto\MIPS_fowarding\MIPS_projeto\src\datapath.vhd
# Compile Entity "datapath"
# Compile Architecture "struct" of Entity "datapath"
# File: C:\Users\renan\Documents\FPGA\MIPS_projeto\MIPS_fowarding\MIPS_projeto\src\controller.vhd
# Compile Entity "controller"
# Compile Architecture "struct" of Entity "controller"
# File: C:\Users\renan\Documents\FPGA\MIPS_projeto\MIPS_fowarding\MIPS_projeto\src\mips.vhd
# Compile Entity "mips"
# Compile Architecture "struct" of Entity "mips"
# File: C:\Users\renan\Documents\FPGA\MIPS_projeto\MIPS_fowarding\MIPS_projeto\src\top.vhd
# Compile Entity "top"
# Compile Architecture "test" of Entity "top"
# File: C:\Users\renan\Documents\FPGA\MIPS_projeto\MIPS_fowarding\MIPS_projeto\src\testbench.vhd
# Compile Entity "testbench"
# Compile Architecture "test" of Entity "testbench"
# Top-level unit(s) detected:
# Entity => testbench
# Compile success 0 Errors 0 Warnings  Analysis time :  0.3 [s]
acom -reorder -O3 -e 100 -work MIPS_projeto -2008  $dsn/src/maindec.vhd $dsn/src/registrador_n.vhd $dsn/src/sl2.vhd $dsn/src/signext.vhd $dsn/src/regfile.vhd $dsn/src/registrador_1.vhd $dsn/src/mux2.vhd $dsn/src/dmem.vhd $dsn/src/hazarddemuc.vhd $dsn/src/imem.vhd $dsn/src/fowardingdemuc.vhd $dsn/src/alu.vhd $dsn/src/aludec.vhd $dsn/src/adder.vhd $dsn/src/datapath.vhd $dsn/src/controller.vhd $dsn/src/mips.vhd $dsn/src/top.vhd $dsn/src/testbench.vhd
# Warning: DAGGEN_0523: The source is compiled without the -dbg switch. Line breakpoints and assertion debug will not be available.
# File: C:\Users\renan\Documents\FPGA\MIPS_projeto\MIPS_fowarding\MIPS_projeto\src\maindec.vhd
# Compile Entity "maindec"
# Compile Architecture "behave" of Entity "maindec"
# File: C:\Users\renan\Documents\FPGA\MIPS_projeto\MIPS_fowarding\MIPS_projeto\src\registrador_n.vhd
# Compile Entity "registrador_n"
# Compile Architecture "registrador_n" of Entity "registrador_n"
# File: C:\Users\renan\Documents\FPGA\MIPS_projeto\MIPS_fowarding\MIPS_projeto\src\sl2.vhd
# Compile Entity "sl2"
# Compile Architecture "behave" of Entity "sl2"
# File: C:\Users\renan\Documents\FPGA\MIPS_projeto\MIPS_fowarding\MIPS_projeto\src\signext.vhd
# Compile Entity "signext"
# Compile Architecture "behave" of Entity "signext"
# File: C:\Users\renan\Documents\FPGA\MIPS_projeto\MIPS_fowarding\MIPS_projeto\src\regfile.vhd
# Compile Entity "regfile"
# Compile Architecture "behave" of Entity "regfile"
# File: C:\Users\renan\Documents\FPGA\MIPS_projeto\MIPS_fowarding\MIPS_projeto\src\registrador_1.vhd
# Compile Entity "registrador_1"
# Compile Architecture "registrador_1" of Entity "registrador_1"
# File: C:\Users\renan\Documents\FPGA\MIPS_projeto\MIPS_fowarding\MIPS_projeto\src\mux2.vhd
# Compile Entity "mux2"
# Compile Architecture "behave" of Entity "mux2"
# File: C:\Users\renan\Documents\FPGA\MIPS_projeto\MIPS_fowarding\MIPS_projeto\src\dmem.vhd
# Compile Entity "dmem"
# Compile Architecture "behave" of Entity "dmem"
# File: C:\Users\renan\Documents\FPGA\MIPS_projeto\MIPS_fowarding\MIPS_projeto\src\hazarddemuc.vhd
# Compile Entity "hazarddemuc"
# Compile Architecture "hazarddemuc_arc" of Entity "hazarddemuc"
# File: C:\Users\renan\Documents\FPGA\MIPS_projeto\MIPS_fowarding\MIPS_projeto\src\imem.vhd
# Compile Entity "imem"
# Compile Architecture "behave" of Entity "imem"
# File: C:\Users\renan\Documents\FPGA\MIPS_projeto\MIPS_fowarding\MIPS_projeto\src\fowardingdemuc.vhd
# Compile Entity "fowardingdemuc"
# Compile Architecture "fowardingdemuc_arc" of Entity "fowardingdemuc"
# File: C:\Users\renan\Documents\FPGA\MIPS_projeto\MIPS_fowarding\MIPS_projeto\src\alu.vhd
# Compile Entity "alu"
# Compile Architecture "behave" of Entity "alu"
# File: C:\Users\renan\Documents\FPGA\MIPS_projeto\MIPS_fowarding\MIPS_projeto\src\aludec.vhd
# Compile Entity "aludec"
# Compile Architecture "behave" of Entity "aludec"
# File: C:\Users\renan\Documents\FPGA\MIPS_projeto\MIPS_fowarding\MIPS_projeto\src\adder.vhd
# Compile Entity "adder"
# Compile Architecture "behave" of Entity "adder"
# File: C:\Users\renan\Documents\FPGA\MIPS_projeto\MIPS_fowarding\MIPS_projeto\src\datapath.vhd
# Compile Entity "datapath"
# Compile Architecture "struct" of Entity "datapath"
# File: C:\Users\renan\Documents\FPGA\MIPS_projeto\MIPS_fowarding\MIPS_projeto\src\controller.vhd
# Compile Entity "controller"
# Compile Architecture "struct" of Entity "controller"
# File: C:\Users\renan\Documents\FPGA\MIPS_projeto\MIPS_fowarding\MIPS_projeto\src\mips.vhd
# Compile Entity "mips"
# Compile Architecture "struct" of Entity "mips"
# File: C:\Users\renan\Documents\FPGA\MIPS_projeto\MIPS_fowarding\MIPS_projeto\src\top.vhd
# Compile Entity "top"
# Compile Architecture "test" of Entity "top"
# File: C:\Users\renan\Documents\FPGA\MIPS_projeto\MIPS_fowarding\MIPS_projeto\src\testbench.vhd
# Compile Entity "testbench"
# Compile Architecture "test" of Entity "testbench"
# Top-level unit(s) detected:
# Entity => testbench
# Compile success 0 Errors 0 Warnings  Analysis time :  0.2 [s]
acom -reorder -O3 -e 100 -work MIPS_projeto -2008  $dsn/src/maindec.vhd $dsn/src/registrador_n.vhd $dsn/src/sl2.vhd $dsn/src/signext.vhd $dsn/src/regfile.vhd $dsn/src/registrador_1.vhd $dsn/src/mux2.vhd $dsn/src/dmem.vhd $dsn/src/hazarddemuc.vhd $dsn/src/imem.vhd $dsn/src/fowardingdemuc.vhd $dsn/src/alu.vhd $dsn/src/aludec.vhd $dsn/src/adder.vhd $dsn/src/datapath.vhd $dsn/src/controller.vhd $dsn/src/mips.vhd $dsn/src/top.vhd $dsn/src/testbench.vhd
# Warning: DAGGEN_0523: The source is compiled without the -dbg switch. Line breakpoints and assertion debug will not be available.
# File: C:\Users\renan\Documents\FPGA\MIPS_projeto\MIPS_fowarding\MIPS_projeto\src\maindec.vhd
# Compile Entity "maindec"
# Compile Architecture "behave" of Entity "maindec"
# File: C:\Users\renan\Documents\FPGA\MIPS_projeto\MIPS_fowarding\MIPS_projeto\src\registrador_n.vhd
# Compile Entity "registrador_n"
# Compile Architecture "registrador_n" of Entity "registrador_n"
# File: C:\Users\renan\Documents\FPGA\MIPS_projeto\MIPS_fowarding\MIPS_projeto\src\sl2.vhd
# Compile Entity "sl2"
# Compile Architecture "behave" of Entity "sl2"
# File: C:\Users\renan\Documents\FPGA\MIPS_projeto\MIPS_fowarding\MIPS_projeto\src\signext.vhd
# Compile Entity "signext"
# Compile Architecture "behave" of Entity "signext"
# File: C:\Users\renan\Documents\FPGA\MIPS_projeto\MIPS_fowarding\MIPS_projeto\src\regfile.vhd
# Compile Entity "regfile"
# Compile Architecture "behave" of Entity "regfile"
# File: C:\Users\renan\Documents\FPGA\MIPS_projeto\MIPS_fowarding\MIPS_projeto\src\registrador_1.vhd
# Compile Entity "registrador_1"
# Compile Architecture "registrador_1" of Entity "registrador_1"
# File: C:\Users\renan\Documents\FPGA\MIPS_projeto\MIPS_fowarding\MIPS_projeto\src\mux2.vhd
# Compile Entity "mux2"
# Compile Architecture "behave" of Entity "mux2"
# File: C:\Users\renan\Documents\FPGA\MIPS_projeto\MIPS_fowarding\MIPS_projeto\src\dmem.vhd
# Compile Entity "dmem"
# Compile Architecture "behave" of Entity "dmem"
# File: C:\Users\renan\Documents\FPGA\MIPS_projeto\MIPS_fowarding\MIPS_projeto\src\hazarddemuc.vhd
# Compile Entity "hazarddemuc"
# Compile Architecture "hazarddemuc_arc" of Entity "hazarddemuc"
# File: C:\Users\renan\Documents\FPGA\MIPS_projeto\MIPS_fowarding\MIPS_projeto\src\imem.vhd
# Compile Entity "imem"
# Compile Architecture "behave" of Entity "imem"
# File: C:\Users\renan\Documents\FPGA\MIPS_projeto\MIPS_fowarding\MIPS_projeto\src\fowardingdemuc.vhd
# Compile Entity "fowardingdemuc"
# Compile Architecture "fowardingdemuc_arc" of Entity "fowardingdemuc"
# File: C:\Users\renan\Documents\FPGA\MIPS_projeto\MIPS_fowarding\MIPS_projeto\src\alu.vhd
# Compile Entity "alu"
# Compile Architecture "behave" of Entity "alu"
# File: C:\Users\renan\Documents\FPGA\MIPS_projeto\MIPS_fowarding\MIPS_projeto\src\aludec.vhd
# Compile Entity "aludec"
# Compile Architecture "behave" of Entity "aludec"
# File: C:\Users\renan\Documents\FPGA\MIPS_projeto\MIPS_fowarding\MIPS_projeto\src\adder.vhd
# Compile Entity "adder"
# Compile Architecture "behave" of Entity "adder"
# File: C:\Users\renan\Documents\FPGA\MIPS_projeto\MIPS_fowarding\MIPS_projeto\src\datapath.vhd
# Compile Entity "datapath"
# Compile Architecture "struct" of Entity "datapath"
# File: C:\Users\renan\Documents\FPGA\MIPS_projeto\MIPS_fowarding\MIPS_projeto\src\controller.vhd
# Compile Entity "controller"
# Compile Architecture "struct" of Entity "controller"
# File: C:\Users\renan\Documents\FPGA\MIPS_projeto\MIPS_fowarding\MIPS_projeto\src\mips.vhd
# Compile Entity "mips"
# Compile Architecture "struct" of Entity "mips"
# File: C:\Users\renan\Documents\FPGA\MIPS_projeto\MIPS_fowarding\MIPS_projeto\src\top.vhd
# Compile Entity "top"
# Compile Architecture "test" of Entity "top"
# File: C:\Users\renan\Documents\FPGA\MIPS_projeto\MIPS_fowarding\MIPS_projeto\src\testbench.vhd
# Compile Entity "testbench"
# Compile Architecture "test" of Entity "testbench"
# Top-level unit(s) detected:
# Entity => testbench
# Compile success 0 Errors 0 Warnings  Analysis time :  0.5 [s]
acom -reorder -O3 -e 100 -work MIPS_projeto -2008  $dsn/src/maindec.vhd $dsn/src/registrador_n.vhd $dsn/src/sl2.vhd $dsn/src/signext.vhd $dsn/src/regfile.vhd $dsn/src/registrador_1.vhd $dsn/src/mux2.vhd $dsn/src/dmem.vhd $dsn/src/hazarddemuc.vhd $dsn/src/imem.vhd $dsn/src/fowardingdemuc.vhd $dsn/src/alu.vhd $dsn/src/aludec.vhd $dsn/src/adder.vhd $dsn/src/datapath.vhd $dsn/src/controller.vhd $dsn/src/mips.vhd $dsn/src/top.vhd $dsn/src/testbench.vhd
# Warning: DAGGEN_0523: The source is compiled without the -dbg switch. Line breakpoints and assertion debug will not be available.
# File: C:\Users\renan\Documents\FPGA\MIPS_projeto\MIPS_fowarding\MIPS_projeto\src\maindec.vhd
# Compile Entity "maindec"
# Compile Architecture "behave" of Entity "maindec"
# File: C:\Users\renan\Documents\FPGA\MIPS_projeto\MIPS_fowarding\MIPS_projeto\src\registrador_n.vhd
# Compile Entity "registrador_n"
# Compile Architecture "registrador_n" of Entity "registrador_n"
# File: C:\Users\renan\Documents\FPGA\MIPS_projeto\MIPS_fowarding\MIPS_projeto\src\sl2.vhd
# Compile Entity "sl2"
# Compile Architecture "behave" of Entity "sl2"
# File: C:\Users\renan\Documents\FPGA\MIPS_projeto\MIPS_fowarding\MIPS_projeto\src\signext.vhd
# Compile Entity "signext"
# Compile Architecture "behave" of Entity "signext"
# File: C:\Users\renan\Documents\FPGA\MIPS_projeto\MIPS_fowarding\MIPS_projeto\src\regfile.vhd
# Compile Entity "regfile"
# Compile Architecture "behave" of Entity "regfile"
# File: C:\Users\renan\Documents\FPGA\MIPS_projeto\MIPS_fowarding\MIPS_projeto\src\registrador_1.vhd
# Compile Entity "registrador_1"
# Compile Architecture "registrador_1" of Entity "registrador_1"
# File: C:\Users\renan\Documents\FPGA\MIPS_projeto\MIPS_fowarding\MIPS_projeto\src\mux2.vhd
# Compile Entity "mux2"
# Compile Architecture "behave" of Entity "mux2"
# File: C:\Users\renan\Documents\FPGA\MIPS_projeto\MIPS_fowarding\MIPS_projeto\src\dmem.vhd
# Compile Entity "dmem"
# Compile Architecture "behave" of Entity "dmem"
# File: C:\Users\renan\Documents\FPGA\MIPS_projeto\MIPS_fowarding\MIPS_projeto\src\hazarddemuc.vhd
# Compile Entity "hazarddemuc"
# Compile Architecture "hazarddemuc_arc" of Entity "hazarddemuc"
# File: C:\Users\renan\Documents\FPGA\MIPS_projeto\MIPS_fowarding\MIPS_projeto\src\imem.vhd
# Compile Entity "imem"
# Compile Architecture "behave" of Entity "imem"
# File: C:\Users\renan\Documents\FPGA\MIPS_projeto\MIPS_fowarding\MIPS_projeto\src\fowardingdemuc.vhd
# Compile Entity "fowardingdemuc"
# Compile Architecture "fowardingdemuc_arc" of Entity "fowardingdemuc"
# File: C:\Users\renan\Documents\FPGA\MIPS_projeto\MIPS_fowarding\MIPS_projeto\src\alu.vhd
# Compile Entity "alu"
# Compile Architecture "behave" of Entity "alu"
# File: C:\Users\renan\Documents\FPGA\MIPS_projeto\MIPS_fowarding\MIPS_projeto\src\aludec.vhd
# Compile Entity "aludec"
# Compile Architecture "behave" of Entity "aludec"
# File: C:\Users\renan\Documents\FPGA\MIPS_projeto\MIPS_fowarding\MIPS_projeto\src\adder.vhd
# Compile Entity "adder"
# Compile Architecture "behave" of Entity "adder"
# File: C:\Users\renan\Documents\FPGA\MIPS_projeto\MIPS_fowarding\MIPS_projeto\src\datapath.vhd
# Compile Entity "datapath"
# Compile Architecture "struct" of Entity "datapath"
# File: C:\Users\renan\Documents\FPGA\MIPS_projeto\MIPS_fowarding\MIPS_projeto\src\controller.vhd
# Compile Entity "controller"
# Compile Architecture "struct" of Entity "controller"
# File: C:\Users\renan\Documents\FPGA\MIPS_projeto\MIPS_fowarding\MIPS_projeto\src\mips.vhd
# Compile Entity "mips"
# Compile Architecture "struct" of Entity "mips"
# File: C:\Users\renan\Documents\FPGA\MIPS_projeto\MIPS_fowarding\MIPS_projeto\src\top.vhd
# Compile Entity "top"
# Compile Architecture "test" of Entity "top"
# File: C:\Users\renan\Documents\FPGA\MIPS_projeto\MIPS_fowarding\MIPS_projeto\src\testbench.vhd
# Compile Entity "testbench"
# Compile Architecture "test" of Entity "testbench"
# Top-level unit(s) detected:
# Entity => testbench
# Compile success 0 Errors 0 Warnings  Ana